{"C:\\Users\\Dell\\Desktop\\Spotify-Backend\\app.js": {"path":"C:\\Users\\Dell\\Desktop\\Spotify-Backend\\app.js","statementMap":{"0":{"start":{"line":1,"column":16},"end":{"line":1,"column":34}},"1":{"start":{"line":2,"column":12},"end":{"line":2,"column":21}},"2":{"start":{"line":3,"column":0},"end":{"line":3,"column":23}},"3":{"start":{"line":4,"column":17},"end":{"line":4,"column":44}},"4":{"start":{"line":5,"column":24},"end":{"line":5,"column":64}},"5":{"start":{"line":7,"column":0},"end":{"line":7,"column":46}},"6":{"start":{"line":13,"column":19},"end":{"line":13,"column":50}},"7":{"start":{"line":14,"column":21},"end":{"line":14,"column":53}},"8":{"start":{"line":15,"column":23},"end":{"line":15,"column":57}},"9":{"start":{"line":16,"column":23},"end":{"line":16,"column":57}},"10":{"start":{"line":17,"column":20},"end":{"line":17,"column":51}},"11":{"start":{"line":18,"column":20},"end":{"line":18,"column":54}},"12":{"start":{"line":19,"column":21},"end":{"line":19,"column":53}},"13":{"start":{"line":20,"column":26},"end":{"line":20,"column":63}},"14":{"start":{"line":23,"column":0},"end":{"line":23,"column":24}},"15":{"start":{"line":24,"column":0},"end":{"line":24,"column":33}},"16":{"start":{"line":25,"column":0},"end":{"line":25,"column":45}},"17":{"start":{"line":26,"column":0},"end":{"line":26,"column":37}},"18":{"start":{"line":27,"column":0},"end":{"line":27,"column":31}},"19":{"start":{"line":28,"column":0},"end":{"line":28,"column":31}},"20":{"start":{"line":29,"column":0},"end":{"line":29,"column":35}},"21":{"start":{"line":30,"column":0},"end":{"line":30,"column":40}},"22":{"start":{"line":34,"column":0},"end":{"line":36,"column":2}},"23":{"start":{"line":35,"column":2},"end":{"line":35,"column":74}},"24":{"start":{"line":39,"column":0},"end":{"line":39,"column":24}},"25":{"start":{"line":41,"column":0},"end":{"line":41,"column":20}}},"fnMap":{"0":{"name":"(anonymous_0)","decl":{"start":{"line":34,"column":13},"end":{"line":34,"column":14}},"loc":{"start":{"line":34,"column":33},"end":{"line":36,"column":1}},"line":34}},"branchMap":{},"s":{"0":10,"1":10,"2":10,"3":10,"4":10,"5":10,"6":10,"7":10,"8":10,"9":10,"10":10,"11":10,"12":10,"13":10,"14":10,"15":10,"16":10,"17":10,"18":10,"19":10,"20":10,"21":10,"22":10,"23":0,"24":10,"25":10},"f":{"0":0},"b":{},"_coverageSchema":"1a1c01bbd47fc00a2c39e90264f33305004495a9","hash":"a4984b03f5bbb874c6b6e206c0b6f964dabc6949"}
,"C:\\Users\\Dell\\Desktop\\Spotify-Backend\\passport.js": {"path":"C:\\Users\\Dell\\Desktop\\Spotify-Backend\\passport.js","statementMap":{"0":{"start":{"line":5,"column":17},"end":{"line":5,"column":36}},"1":{"start":{"line":7,"column":15},"end":{"line":7,"column":32}},"2":{"start":{"line":8,"column":0},"end":{"line":8,"column":31}},"3":{"start":{"line":14,"column":30},"end":{"line":14,"column":64}},"4":{"start":{"line":20,"column":13},"end":{"line":20,"column":42}},"5":{"start":{"line":22,"column":0},"end":{"line":49,"column":1}},"6":{"start":{"line":26,"column":2},"end":{"line":47,"column":3}},"7":{"start":{"line":28,"column":25},"end":{"line":28,"column":71}},"8":{"start":{"line":30,"column":4},"end":{"line":32,"column":5}},"9":{"start":{"line":31,"column":6},"end":{"line":31,"column":37}},"10":{"start":{"line":35,"column":20},"end":{"line":40,"column":6}},"11":{"start":{"line":42,"column":4},"end":{"line":42,"column":24}},"12":{"start":{"line":44,"column":4},"end":{"line":44,"column":23}},"13":{"start":{"line":46,"column":4},"end":{"line":46,"column":37}}},"fnMap":{"0":{"name":"(anonymous_0)","decl":{"start":{"line":25,"column":3},"end":{"line":25,"column":4}},"loc":{"start":{"line":25,"column":55},"end":{"line":48,"column":1}},"line":25}},"branchMap":{"0":{"loc":{"start":{"line":30,"column":4},"end":{"line":32,"column":5}},"type":"if","locations":[{"start":{"line":30,"column":4},"end":{"line":32,"column":5}},{"start":{"line":30,"column":4},"end":{"line":32,"column":5}}],"line":30},"1":{"loc":{"start":{"line":37,"column":13},"end":{"line":37,"column":56}},"type":"binary-expr","locations":[{"start":{"line":37,"column":13},"end":{"line":37,"column":36}},{"start":{"line":37,"column":40},"end":{"line":37,"column":56}}],"line":37}},"s":{"0":10,"1":10,"2":10,"3":10,"4":10,"5":10,"6":0,"7":0,"8":0,"9":0,"10":0,"11":0,"12":0,"13":0},"f":{"0":0},"b":{"0":[0,0],"1":[0,0]},"_coverageSchema":"1a1c01bbd47fc00a2c39e90264f33305004495a9","hash":"fa624d67ad767ae2c7f6042b391f22233684527e"}
,"C:\\Users\\Dell\\Desktop\\Spotify-Backend\\controllers\\albumController.js": {"path":"C:\\Users\\Dell\\Desktop\\Spotify-Backend\\controllers\\albumController.js","statementMap":{"0":{"start":{"line":17,"column":14},"end":{"line":17,"column":47}},"1":{"start":{"line":23,"column":20},"end":{"line":23,"column":53}},"2":{"start":{"line":29,"column":19},"end":{"line":29,"column":51}},"3":{"start":{"line":35,"column":17},"end":{"line":35,"column":47}},"4":{"start":{"line":41,"column":14},"end":{"line":41,"column":47}},"5":{"start":{"line":52,"column":0},"end":{"line":71,"column":2}},"6":{"start":{"line":53,"column":14},"end":{"line":53,"column":38}},"7":{"start":{"line":54,"column":19},"end":{"line":54,"column":80}},"8":{"start":{"line":55,"column":17},"end":{"line":59,"column":4}},"9":{"start":{"line":61,"column":2},"end":{"line":63,"column":3}},"10":{"start":{"line":62,"column":4},"end":{"line":62,"column":68}},"11":{"start":{"line":65,"column":2},"end":{"line":70,"column":4}},"12":{"start":{"line":82,"column":0},"end":{"line":99,"column":2}},"13":{"start":{"line":83,"column":16},"end":{"line":87,"column":4}},"14":{"start":{"line":89,"column":2},"end":{"line":91,"column":3}},"15":{"start":{"line":90,"column":4},"end":{"line":90,"column":65}},"16":{"start":{"line":93,"column":2},"end":{"line":98,"column":4}},"17":{"start":{"line":110,"column":0},"end":{"line":125,"column":2}},"18":{"start":{"line":111,"column":19},"end":{"line":111,"column":143}},"19":{"start":{"line":113,"column":22},"end":{"line":113,"column":42}},"20":{"start":{"line":115,"column":2},"end":{"line":117,"column":3}},"21":{"start":{"line":116,"column":4},"end":{"line":116,"column":65}},"22":{"start":{"line":119,"column":2},"end":{"line":124,"column":4}},"23":{"start":{"line":152,"column":0},"end":{"line":166,"column":2}},"24":{"start":{"line":153,"column":19},"end":{"line":153,"column":118}},"25":{"start":{"line":154,"column":17},"end":{"line":158,"column":4}},"26":{"start":{"line":160,"column":2},"end":{"line":165,"column":4}}},"fnMap":{"0":{"name":"(anonymous_0)","decl":{"start":{"line":52,"column":38},"end":{"line":52,"column":39}},"loc":{"start":{"line":52,"column":64},"end":{"line":71,"column":1}},"line":52},"1":{"name":"(anonymous_1)","decl":{"start":{"line":82,"column":33},"end":{"line":82,"column":34}},"loc":{"start":{"line":82,"column":59},"end":{"line":99,"column":1}},"line":82},"2":{"name":"(anonymous_2)","decl":{"start":{"line":110,"column":36},"end":{"line":110,"column":37}},"loc":{"start":{"line":110,"column":62},"end":{"line":125,"column":1}},"line":110},"3":{"name":"(anonymous_3)","decl":{"start":{"line":152,"column":37},"end":{"line":152,"column":38}},"loc":{"start":{"line":152,"column":63},"end":{"line":166,"column":1}},"line":152}},"branchMap":{"0":{"loc":{"start":{"line":61,"column":2},"end":{"line":63,"column":3}},"type":"if","locations":[{"start":{"line":61,"column":2},"end":{"line":63,"column":3}},{"start":{"line":61,"column":2},"end":{"line":63,"column":3}}],"line":61},"1":{"loc":{"start":{"line":89,"column":2},"end":{"line":91,"column":3}},"type":"if","locations":[{"start":{"line":89,"column":2},"end":{"line":91,"column":3}},{"start":{"line":89,"column":2},"end":{"line":91,"column":3}}],"line":89},"2":{"loc":{"start":{"line":115,"column":2},"end":{"line":117,"column":3}},"type":"if","locations":[{"start":{"line":115,"column":2},"end":{"line":117,"column":3}},{"start":{"line":115,"column":2},"end":{"line":117,"column":3}}],"line":115}},"s":{"0":10,"1":10,"2":10,"3":10,"4":10,"5":10,"6":2,"7":2,"8":2,"9":2,"10":1,"11":1,"12":10,"13":3,"14":3,"15":2,"16":1,"17":10,"18":1,"19":1,"20":1,"21":0,"22":1,"23":10,"24":2,"25":2,"26":2},"f":{"0":2,"1":3,"2":1,"3":2},"b":{"0":[1,1],"1":[2,1],"2":[0,1]},"_coverageSchema":"1a1c01bbd47fc00a2c39e90264f33305004495a9","hash":"3ec0ff9a6be3927f076067cc6d1b2924af18834e"}
,"C:\\Users\\Dell\\Desktop\\Spotify-Backend\\controllers\\artistAlbumsController.js": {"path":"C:\\Users\\Dell\\Desktop\\Spotify-Backend\\controllers\\artistAlbumsController.js","statementMap":{"0":{"start":{"line":18,"column":38},"end":{"line":18,"column":67}},"1":{"start":{"line":24,"column":17},"end":{"line":24,"column":36}},"2":{"start":{"line":30,"column":14},"end":{"line":30,"column":45}},"3":{"start":{"line":36,"column":14},"end":{"line":36,"column":45}},"4":{"start":{"line":42,"column":20},"end":{"line":42,"column":53}},"5":{"start":{"line":48,"column":17},"end":{"line":48,"column":45}},"6":{"start":{"line":54,"column":20},"end":{"line":54,"column":56}},"7":{"start":{"line":55,"column":25},"end":{"line":55,"column":42}},"8":{"start":{"line":61,"column":19},"end":{"line":61,"column":51}},"9":{"start":{"line":72,"column":0},"end":{"line":95,"column":2}},"10":{"start":{"line":73,"column":2},"end":{"line":73,"column":102}},"11":{"start":{"line":73,"column":18},"end":{"line":73,"column":100}},"12":{"start":{"line":75,"column":2},"end":{"line":75,"column":56}},"13":{"start":{"line":75,"column":30},"end":{"line":75,"column":54}},"14":{"start":{"line":77,"column":19},"end":{"line":77,"column":80}},"15":{"start":{"line":78,"column":2},"end":{"line":78,"column":23}},"16":{"start":{"line":79,"column":2},"end":{"line":79,"column":62}},"17":{"start":{"line":81,"column":17},"end":{"line":81,"column":45}},"18":{"start":{"line":84,"column":17},"end":{"line":84,"column":44}},"19":{"start":{"line":85,"column":18},"end":{"line":85,"column":46}},"20":{"start":{"line":86,"column":2},"end":{"line":89,"column":4}},"21":{"start":{"line":91,"column":2},"end":{"line":94,"column":4}},"22":{"start":{"line":107,"column":0},"end":{"line":148,"column":2}},"23":{"start":{"line":108,"column":19},"end":{"line":108,"column":80}},"24":{"start":{"line":109,"column":16},"end":{"line":109,"column":75}},"25":{"start":{"line":110,"column":2},"end":{"line":110,"column":132}},"26":{"start":{"line":110,"column":28},"end":{"line":110,"column":130}},"27":{"start":{"line":112,"column":2},"end":{"line":121,"column":3}},"28":{"start":{"line":113,"column":4},"end":{"line":113,"column":58}},"29":{"start":{"line":114,"column":4},"end":{"line":116,"column":6}},"30":{"start":{"line":115,"column":6},"end":{"line":115,"column":46}},"31":{"start":{"line":120,"column":4},"end":{"line":120,"column":49}},"32":{"start":{"line":124,"column":2},"end":{"line":124,"column":23}},"33":{"start":{"line":125,"column":2},"end":{"line":125,"column":62}},"34":{"start":{"line":126,"column":2},"end":{"line":126,"column":61}},"35":{"start":{"line":129,"column":23},"end":{"line":129,"column":72}},"36":{"start":{"line":130,"column":2},"end":{"line":130,"column":18}},"37":{"start":{"line":131,"column":2},"end":{"line":131,"column":79}},"38":{"start":{"line":133,"column":2},"end":{"line":133,"column":39}},"39":{"start":{"line":134,"column":17},"end":{"line":134,"column":45}},"40":{"start":{"line":137,"column":17},"end":{"line":137,"column":44}},"41":{"start":{"line":138,"column":18},"end":{"line":138,"column":46}},"42":{"start":{"line":139,"column":2},"end":{"line":142,"column":4}},"43":{"start":{"line":144,"column":2},"end":{"line":147,"column":4}},"44":{"start":{"line":159,"column":0},"end":{"line":180,"column":2}},"45":{"start":{"line":160,"column":19},"end":{"line":160,"column":80}},"46":{"start":{"line":162,"column":19},"end":{"line":166,"column":15}},"47":{"start":{"line":168,"column":17},"end":{"line":172,"column":4}},"48":{"start":{"line":174,"column":2},"end":{"line":174,"column":94}},"49":{"start":{"line":174,"column":29},"end":{"line":174,"column":92}},"50":{"start":{"line":176,"column":2},"end":{"line":179,"column":4}}},"fnMap":{"0":{"name":"(anonymous_0)","decl":{"start":{"line":72,"column":30},"end":{"line":72,"column":31}},"loc":{"start":{"line":72,"column":56},"end":{"line":95,"column":1}},"line":72},"1":{"name":"(anonymous_1)","decl":{"start":{"line":107,"column":37},"end":{"line":107,"column":38}},"loc":{"start":{"line":107,"column":63},"end":{"line":148,"column":1}},"line":107},"2":{"name":"(anonymous_2)","decl":{"start":{"line":114,"column":88},"end":{"line":114,"column":89}},"loc":{"start":{"line":114,"column":102},"end":{"line":116,"column":5}},"line":114},"3":{"name":"(anonymous_3)","decl":{"start":{"line":159,"column":37},"end":{"line":159,"column":38}},"loc":{"start":{"line":159,"column":63},"end":{"line":180,"column":1}},"line":159}},"branchMap":{"0":{"loc":{"start":{"line":73,"column":2},"end":{"line":73,"column":102}},"type":"if","locations":[{"start":{"line":73,"column":2},"end":{"line":73,"column":102}},{"start":{"line":73,"column":2},"end":{"line":73,"column":102}}],"line":73},"1":{"loc":{"start":{"line":75,"column":2},"end":{"line":75,"column":56}},"type":"if","locations":[{"start":{"line":75,"column":2},"end":{"line":75,"column":56}},{"start":{"line":75,"column":2},"end":{"line":75,"column":56}}],"line":75},"2":{"loc":{"start":{"line":110,"column":2},"end":{"line":110,"column":132}},"type":"if","locations":[{"start":{"line":110,"column":2},"end":{"line":110,"column":132}},{"start":{"line":110,"column":2},"end":{"line":110,"column":132}}],"line":110},"3":{"loc":{"start":{"line":112,"column":2},"end":{"line":121,"column":3}},"type":"if","locations":[{"start":{"line":112,"column":2},"end":{"line":121,"column":3}},{"start":{"line":112,"column":2},"end":{"line":121,"column":3}}],"line":112},"4":{"loc":{"start":{"line":174,"column":2},"end":{"line":174,"column":94}},"type":"if","locations":[{"start":{"line":174,"column":2},"end":{"line":174,"column":94}},{"start":{"line":174,"column":2},"end":{"line":174,"column":94}}],"line":174}},"s":{"0":10,"1":10,"2":10,"3":10,"4":10,"5":10,"6":10,"7":10,"8":10,"9":10,"10":0,"11":0,"12":0,"13":0,"14":0,"15":0,"16":0,"17":0,"18":0,"19":0,"20":0,"21":0,"22":10,"23":0,"24":0,"25":0,"26":0,"27":0,"28":0,"29":0,"30":0,"31":0,"32":0,"33":0,"34":0,"35":0,"36":0,"37":0,"38":0,"39":0,"40":0,"41":0,"42":0,"43":0,"44":10,"45":0,"46":0,"47":0,"48":0,"49":0,"50":0},"f":{"0":0,"1":0,"2":0,"3":0},"b":{"0":[0,0],"1":[0,0],"2":[0,0],"3":[0,0],"4":[0,0]},"_coverageSchema":"1a1c01bbd47fc00a2c39e90264f33305004495a9","hash":"e62181bb5c1ff2c7e18e385c2e83827568e7bc4a"}
,"C:\\Users\\Dell\\Desktop\\Spotify-Backend\\controllers\\artistViewingController.js": {"path":"C:\\Users\\Dell\\Desktop\\Spotify-Backend\\controllers\\artistViewingController.js","statementMap":{"0":{"start":{"line":18,"column":20},"end":{"line":18,"column":53}},"1":{"start":{"line":24,"column":13},"end":{"line":24,"column":45}},"2":{"start":{"line":30,"column":14},"end":{"line":30,"column":47}},"3":{"start":{"line":36,"column":17},"end":{"line":36,"column":53}},"4":{"start":{"line":42,"column":14},"end":{"line":42,"column":47}},"5":{"start":{"line":48,"column":17},"end":{"line":48,"column":45}},"6":{"start":{"line":54,"column":19},"end":{"line":54,"column":51}},"7":{"start":{"line":64,"column":0},"end":{"line":86,"column":2}},"8":{"start":{"line":65,"column":19},"end":{"line":79,"column":15}},"9":{"start":{"line":81,"column":18},"end":{"line":81,"column":38}},"10":{"start":{"line":82,"column":2},"end":{"line":85,"column":4}},"11":{"start":{"line":97,"column":0},"end":{"line":116,"column":2}},"12":{"start":{"line":98,"column":17},"end":{"line":109,"column":6}},"13":{"start":{"line":110,"column":2},"end":{"line":110,"column":108}},"14":{"start":{"line":110,"column":52},"end":{"line":110,"column":106}},"15":{"start":{"line":112,"column":2},"end":{"line":115,"column":4}},"16":{"start":{"line":127,"column":0},"end":{"line":155,"column":2}},"17":{"start":{"line":128,"column":17},"end":{"line":128,"column":51}},"18":{"start":{"line":129,"column":2},"end":{"line":129,"column":108}},"19":{"start":{"line":129,"column":52},"end":{"line":129,"column":106}},"20":{"start":{"line":131,"column":17},"end":{"line":131,"column":41}},"21":{"start":{"line":133,"column":23},"end":{"line":144,"column":6}},"22":{"start":{"line":147,"column":2},"end":{"line":147,"column":67}},"23":{"start":{"line":147,"column":47},"end":{"line":147,"column":66}},"24":{"start":{"line":149,"column":2},"end":{"line":149,"column":109}},"25":{"start":{"line":149,"column":37},"end":{"line":149,"column":107}},"26":{"start":{"line":151,"column":2},"end":{"line":154,"column":4}},"27":{"start":{"line":167,"column":0},"end":{"line":187,"column":2}},"28":{"start":{"line":168,"column":17},"end":{"line":168,"column":51}},"29":{"start":{"line":169,"column":2},"end":{"line":169,"column":108}},"30":{"start":{"line":169,"column":52},"end":{"line":169,"column":106}},"31":{"start":{"line":171,"column":19},"end":{"line":174,"column":15}},"32":{"start":{"line":176,"column":17},"end":{"line":179,"column":4}},"33":{"start":{"line":181,"column":2},"end":{"line":181,"column":86}},"34":{"start":{"line":181,"column":29},"end":{"line":181,"column":84}},"35":{"start":{"line":183,"column":2},"end":{"line":186,"column":4}},"36":{"start":{"line":199,"column":0},"end":{"line":218,"column":2}},"37":{"start":{"line":200,"column":17},"end":{"line":200,"column":51}},"38":{"start":{"line":201,"column":2},"end":{"line":201,"column":108}},"39":{"start":{"line":201,"column":52},"end":{"line":201,"column":106}},"40":{"start":{"line":203,"column":2},"end":{"line":203,"column":32}},"41":{"start":{"line":204,"column":19},"end":{"line":208,"column":15}},"42":{"start":{"line":210,"column":17},"end":{"line":210,"column":37}},"43":{"start":{"line":212,"column":2},"end":{"line":212,"column":80}},"44":{"start":{"line":212,"column":29},"end":{"line":212,"column":78}},"45":{"start":{"line":214,"column":2},"end":{"line":217,"column":4}},"46":{"start":{"line":230,"column":0},"end":{"line":248,"column":2}},"47":{"start":{"line":231,"column":17},"end":{"line":231,"column":51}},"48":{"start":{"line":233,"column":2},"end":{"line":233,"column":109}},"49":{"start":{"line":233,"column":53},"end":{"line":233,"column":107}},"50":{"start":{"line":241,"column":20},"end":{"line":241,"column":65}},"51":{"start":{"line":242,"column":2},"end":{"line":242,"column":94}},"52":{"start":{"line":242,"column":32},"end":{"line":242,"column":92}},"53":{"start":{"line":244,"column":2},"end":{"line":247,"column":4}}},"fnMap":{"0":{"name":"(anonymous_0)","decl":{"start":{"line":64,"column":32},"end":{"line":64,"column":33}},"loc":{"start":{"line":64,"column":58},"end":{"line":86,"column":1}},"line":64},"1":{"name":"(anonymous_1)","decl":{"start":{"line":97,"column":31},"end":{"line":97,"column":32}},"loc":{"start":{"line":97,"column":57},"end":{"line":116,"column":1}},"line":97},"2":{"name":"(anonymous_2)","decl":{"start":{"line":127,"column":39},"end":{"line":127,"column":40}},"loc":{"start":{"line":127,"column":59},"end":{"line":155,"column":1}},"line":127},"3":{"name":"(anonymous_3)","decl":{"start":{"line":147,"column":41},"end":{"line":147,"column":42}},"loc":{"start":{"line":147,"column":47},"end":{"line":147,"column":66}},"line":147},"4":{"name":"(anonymous_4)","decl":{"start":{"line":167,"column":37},"end":{"line":167,"column":38}},"loc":{"start":{"line":167,"column":63},"end":{"line":187,"column":1}},"line":167},"5":{"name":"(anonymous_5)","decl":{"start":{"line":199,"column":40},"end":{"line":199,"column":41}},"loc":{"start":{"line":199,"column":66},"end":{"line":218,"column":1}},"line":199},"6":{"name":"(anonymous_6)","decl":{"start":{"line":230,"column":47},"end":{"line":230,"column":48}},"loc":{"start":{"line":230,"column":73},"end":{"line":248,"column":1}},"line":230}},"branchMap":{"0":{"loc":{"start":{"line":110,"column":2},"end":{"line":110,"column":108}},"type":"if","locations":[{"start":{"line":110,"column":2},"end":{"line":110,"column":108}},{"start":{"line":110,"column":2},"end":{"line":110,"column":108}}],"line":110},"1":{"loc":{"start":{"line":110,"column":6},"end":{"line":110,"column":48}},"type":"binary-expr","locations":[{"start":{"line":110,"column":6},"end":{"line":110,"column":20}},{"start":{"line":110,"column":24},"end":{"line":110,"column":48}}],"line":110},"2":{"loc":{"start":{"line":129,"column":2},"end":{"line":129,"column":108}},"type":"if","locations":[{"start":{"line":129,"column":2},"end":{"line":129,"column":108}},{"start":{"line":129,"column":2},"end":{"line":129,"column":108}}],"line":129},"3":{"loc":{"start":{"line":129,"column":6},"end":{"line":129,"column":48}},"type":"binary-expr","locations":[{"start":{"line":129,"column":6},"end":{"line":129,"column":20}},{"start":{"line":129,"column":24},"end":{"line":129,"column":48}}],"line":129},"4":{"loc":{"start":{"line":149,"column":2},"end":{"line":149,"column":109}},"type":"if","locations":[{"start":{"line":149,"column":2},"end":{"line":149,"column":109}},{"start":{"line":149,"column":2},"end":{"line":149,"column":109}}],"line":149},"5":{"loc":{"start":{"line":169,"column":2},"end":{"line":169,"column":108}},"type":"if","locations":[{"start":{"line":169,"column":2},"end":{"line":169,"column":108}},{"start":{"line":169,"column":2},"end":{"line":169,"column":108}}],"line":169},"6":{"loc":{"start":{"line":169,"column":6},"end":{"line":169,"column":48}},"type":"binary-expr","locations":[{"start":{"line":169,"column":6},"end":{"line":169,"column":20}},{"start":{"line":169,"column":24},"end":{"line":169,"column":48}}],"line":169},"7":{"loc":{"start":{"line":181,"column":2},"end":{"line":181,"column":86}},"type":"if","locations":[{"start":{"line":181,"column":2},"end":{"line":181,"column":86}},{"start":{"line":181,"column":2},"end":{"line":181,"column":86}}],"line":181},"8":{"loc":{"start":{"line":201,"column":2},"end":{"line":201,"column":108}},"type":"if","locations":[{"start":{"line":201,"column":2},"end":{"line":201,"column":108}},{"start":{"line":201,"column":2},"end":{"line":201,"column":108}}],"line":201},"9":{"loc":{"start":{"line":201,"column":6},"end":{"line":201,"column":48}},"type":"binary-expr","locations":[{"start":{"line":201,"column":6},"end":{"line":201,"column":20}},{"start":{"line":201,"column":24},"end":{"line":201,"column":48}}],"line":201},"10":{"loc":{"start":{"line":212,"column":2},"end":{"line":212,"column":80}},"type":"if","locations":[{"start":{"line":212,"column":2},"end":{"line":212,"column":80}},{"start":{"line":212,"column":2},"end":{"line":212,"column":80}}],"line":212},"11":{"loc":{"start":{"line":233,"column":2},"end":{"line":233,"column":109}},"type":"if","locations":[{"start":{"line":233,"column":2},"end":{"line":233,"column":109}},{"start":{"line":233,"column":2},"end":{"line":233,"column":109}}],"line":233},"12":{"loc":{"start":{"line":233,"column":6},"end":{"line":233,"column":49}},"type":"binary-expr","locations":[{"start":{"line":233,"column":6},"end":{"line":233,"column":21}},{"start":{"line":233,"column":25},"end":{"line":233,"column":49}}],"line":233},"13":{"loc":{"start":{"line":242,"column":2},"end":{"line":242,"column":94}},"type":"if","locations":[{"start":{"line":242,"column":2},"end":{"line":242,"column":94}},{"start":{"line":242,"column":2},"end":{"line":242,"column":94}}],"line":242}},"s":{"0":10,"1":10,"2":10,"3":10,"4":10,"5":10,"6":10,"7":10,"8":0,"9":0,"10":0,"11":10,"12":0,"13":0,"14":0,"15":0,"16":10,"17":0,"18":0,"19":0,"20":0,"21":0,"22":0,"23":0,"24":0,"25":0,"26":0,"27":10,"28":0,"29":0,"30":0,"31":0,"32":0,"33":0,"34":0,"35":0,"36":10,"37":0,"38":0,"39":0,"40":0,"41":0,"42":0,"43":0,"44":0,"45":0,"46":10,"47":0,"48":0,"49":0,"50":0,"51":0,"52":0,"53":0},"f":{"0":0,"1":0,"2":0,"3":0,"4":0,"5":0,"6":0},"b":{"0":[0,0],"1":[0,0],"2":[0,0],"3":[0,0],"4":[0,0],"5":[0,0],"6":[0,0],"7":[0,0],"8":[0,0],"9":[0,0],"10":[0,0],"11":[0,0],"12":[0,0],"13":[0,0]},"_coverageSchema":"1a1c01bbd47fc00a2c39e90264f33305004495a9","hash":"a615d80bee39d44a840406c126c4f81b37d154d4"}
,"C:\\Users\\Dell\\Desktop\\Spotify-Backend\\controllers\\authController.js": {"path":"C:\\Users\\Dell\\Desktop\\Spotify-Backend\\controllers\\authController.js","statementMap":{"0":{"start":{"line":16,"column":22},"end":{"line":16,"column":37}},"1":{"start":{"line":22,"column":13},"end":{"line":22,"column":43}},"2":{"start":{"line":28,"column":12},"end":{"line":28,"column":35}},"3":{"start":{"line":34,"column":19},"end":{"line":34,"column":49}},"4":{"start":{"line":40,"column":17},"end":{"line":40,"column":45}},"5":{"start":{"line":43,"column":18},"end":{"line":45,"column":1}},"6":{"start":{"line":44,"column":2},"end":{"line":44,"column":91}},"7":{"start":{"line":54,"column":0},"end":{"line":73,"column":2}},"8":{"start":{"line":56,"column":18},"end":{"line":62,"column":4}},"9":{"start":{"line":65,"column":16},"end":{"line":65,"column":38}},"10":{"start":{"line":67,"column":2},"end":{"line":72,"column":4}},"11":{"start":{"line":82,"column":0},"end":{"line":92,"column":2}},"12":{"start":{"line":84,"column":16},"end":{"line":84,"column":39}},"13":{"start":{"line":86,"column":2},"end":{"line":91,"column":4}},"14":{"start":{"line":101,"column":0},"end":{"line":128,"column":2}},"15":{"start":{"line":102,"column":30},"end":{"line":102,"column":38}},"16":{"start":{"line":105,"column":2},"end":{"line":107,"column":3}},"17":{"start":{"line":106,"column":4},"end":{"line":106,"column":71}},"18":{"start":{"line":110,"column":19},"end":{"line":110,"column":68}},"19":{"start":{"line":111,"column":2},"end":{"line":113,"column":3}},"20":{"start":{"line":112,"column":4},"end":{"line":112,"column":54}},"21":{"start":{"line":114,"column":18},"end":{"line":114,"column":77}},"22":{"start":{"line":115,"column":2},"end":{"line":117,"column":3}},"23":{"start":{"line":116,"column":4},"end":{"line":116,"column":57}},"24":{"start":{"line":120,"column":16},"end":{"line":120,"column":39}},"25":{"start":{"line":122,"column":2},"end":{"line":127,"column":4}},"26":{"start":{"line":137,"column":0},"end":{"line":160,"column":2}},"27":{"start":{"line":141,"column":2},"end":{"line":143,"column":3}},"28":{"start":{"line":142,"column":4},"end":{"line":142,"column":51}},"29":{"start":{"line":145,"column":2},"end":{"line":147,"column":3}},"30":{"start":{"line":146,"column":4},"end":{"line":146,"column":85}},"31":{"start":{"line":150,"column":18},"end":{"line":150,"column":76}},"32":{"start":{"line":153,"column":20},"end":{"line":153,"column":51}},"33":{"start":{"line":154,"column":2},"end":{"line":156,"column":3}},"34":{"start":{"line":155,"column":4},"end":{"line":155,"column":92}},"35":{"start":{"line":158,"column":2},"end":{"line":158,"column":22}},"36":{"start":{"line":159,"column":2},"end":{"line":159,"column":8}},"37":{"start":{"line":167,"column":0},"end":{"line":175,"column":1}},"38":{"start":{"line":168,"column":2},"end":{"line":174,"column":3}},"39":{"start":{"line":170,"column":4},"end":{"line":172,"column":5}},"40":{"start":{"line":171,"column":6},"end":{"line":171,"column":89}},"41":{"start":{"line":173,"column":4},"end":{"line":173,"column":10}},"42":{"start":{"line":184,"column":0},"end":{"line":202,"column":2}},"43":{"start":{"line":186,"column":18},"end":{"line":186,"column":50}},"44":{"start":{"line":188,"column":2},"end":{"line":201,"column":4}},"45":{"start":{"line":211,"column":0},"end":{"line":232,"column":2}},"46":{"start":{"line":213,"column":15},"end":{"line":213,"column":67}},"47":{"start":{"line":216,"column":2},"end":{"line":218,"column":3}},"48":{"start":{"line":217,"column":4},"end":{"line":217,"column":70}},"49":{"start":{"line":221,"column":2},"end":{"line":223,"column":3}},"50":{"start":{"line":222,"column":4},"end":{"line":222,"column":73}},"51":{"start":{"line":226,"column":2},"end":{"line":226,"column":38}},"52":{"start":{"line":227,"column":2},"end":{"line":227,"column":19}},"53":{"start":{"line":229,"column":2},"end":{"line":231,"column":4}},"54":{"start":{"line":241,"column":0},"end":{"line":256,"column":2}},"55":{"start":{"line":243,"column":15},"end":{"line":243,"column":47}},"56":{"start":{"line":246,"column":2},"end":{"line":246,"column":29}},"57":{"start":{"line":247,"column":2},"end":{"line":247,"column":27}},"58":{"start":{"line":248,"column":2},"end":{"line":248,"column":31}},"59":{"start":{"line":249,"column":2},"end":{"line":249,"column":41}},"60":{"start":{"line":250,"column":2},"end":{"line":250,"column":19}},"61":{"start":{"line":252,"column":2},"end":{"line":255,"column":4}},"62":{"start":{"line":265,"column":0},"end":{"line":290,"column":2}},"63":{"start":{"line":267,"column":15},"end":{"line":267,"column":47}},"64":{"start":{"line":268,"column":23},"end":{"line":268,"column":55}},"65":{"start":{"line":271,"column":2},"end":{"line":273,"column":3}},"66":{"start":{"line":272,"column":4},"end":{"line":272,"column":88}},"67":{"start":{"line":276,"column":2},"end":{"line":278,"column":3}},"68":{"start":{"line":277,"column":4},"end":{"line":277,"column":65}},"69":{"start":{"line":281,"column":2},"end":{"line":281,"column":34}},"70":{"start":{"line":282,"column":2},"end":{"line":282,"column":42}},"71":{"start":{"line":284,"column":2},"end":{"line":284,"column":19}},"72":{"start":{"line":285,"column":2},"end":{"line":285,"column":27}},"73":{"start":{"line":287,"column":2},"end":{"line":289,"column":4}},"74":{"start":{"line":292,"column":0},"end":{"line":299,"column":2}},"75":{"start":{"line":293,"column":18},"end":{"line":297,"column":4}},"76":{"start":{"line":298,"column":2},"end":{"line":298,"column":16}}},"fnMap":{"0":{"name":"(anonymous_0)","decl":{"start":{"line":43,"column":18},"end":{"line":43,"column":19}},"loc":{"start":{"line":43,"column":24},"end":{"line":45,"column":1}},"line":43},"1":{"name":"(anonymous_1)","decl":{"start":{"line":54,"column":28},"end":{"line":54,"column":29}},"loc":{"start":{"line":54,"column":54},"end":{"line":73,"column":1}},"line":54},"2":{"name":"(anonymous_2)","decl":{"start":{"line":82,"column":39},"end":{"line":82,"column":40}},"loc":{"start":{"line":82,"column":65},"end":{"line":92,"column":1}},"line":82},"3":{"name":"(anonymous_3)","decl":{"start":{"line":101,"column":28},"end":{"line":101,"column":29}},"loc":{"start":{"line":101,"column":54},"end":{"line":128,"column":1}},"line":101},"4":{"name":"(anonymous_4)","decl":{"start":{"line":137,"column":29},"end":{"line":137,"column":30}},"loc":{"start":{"line":137,"column":55},"end":{"line":160,"column":1}},"line":137},"5":{"name":"(anonymous_5)","decl":{"start":{"line":167,"column":21},"end":{"line":167,"column":22}},"loc":{"start":{"line":167,"column":35},"end":{"line":175,"column":1}},"line":167},"6":{"name":"(anonymous_6)","decl":{"start":{"line":168,"column":9},"end":{"line":168,"column":10}},"loc":{"start":{"line":168,"column":29},"end":{"line":174,"column":3}},"line":168},"7":{"name":"(anonymous_7)","decl":{"start":{"line":184,"column":34},"end":{"line":184,"column":35}},"loc":{"start":{"line":184,"column":60},"end":{"line":202,"column":1}},"line":184},"8":{"name":"(anonymous_8)","decl":{"start":{"line":211,"column":36},"end":{"line":211,"column":37}},"loc":{"start":{"line":211,"column":62},"end":{"line":232,"column":1}},"line":211},"9":{"name":"(anonymous_9)","decl":{"start":{"line":241,"column":35},"end":{"line":241,"column":36}},"loc":{"start":{"line":241,"column":61},"end":{"line":256,"column":1}},"line":241},"10":{"name":"(anonymous_10)","decl":{"start":{"line":265,"column":38},"end":{"line":265,"column":39}},"loc":{"start":{"line":265,"column":64},"end":{"line":290,"column":1}},"line":265},"11":{"name":"(anonymous_11)","decl":{"start":{"line":292,"column":32},"end":{"line":292,"column":33}},"loc":{"start":{"line":292,"column":65},"end":{"line":299,"column":1}},"line":292}},"branchMap":{"0":{"loc":{"start":{"line":105,"column":2},"end":{"line":107,"column":3}},"type":"if","locations":[{"start":{"line":105,"column":2},"end":{"line":107,"column":3}},{"start":{"line":105,"column":2},"end":{"line":107,"column":3}}],"line":105},"1":{"loc":{"start":{"line":105,"column":6},"end":{"line":105,"column":25}},"type":"binary-expr","locations":[{"start":{"line":105,"column":6},"end":{"line":105,"column":12}},{"start":{"line":105,"column":16},"end":{"line":105,"column":25}}],"line":105},"2":{"loc":{"start":{"line":111,"column":2},"end":{"line":113,"column":3}},"type":"if","locations":[{"start":{"line":111,"column":2},"end":{"line":113,"column":3}},{"start":{"line":111,"column":2},"end":{"line":113,"column":3}}],"line":111},"3":{"loc":{"start":{"line":115,"column":2},"end":{"line":117,"column":3}},"type":"if","locations":[{"start":{"line":115,"column":2},"end":{"line":117,"column":3}},{"start":{"line":115,"column":2},"end":{"line":117,"column":3}}],"line":115},"4":{"loc":{"start":{"line":141,"column":2},"end":{"line":143,"column":3}},"type":"if","locations":[{"start":{"line":141,"column":2},"end":{"line":143,"column":3}},{"start":{"line":141,"column":2},"end":{"line":143,"column":3}}],"line":141},"5":{"loc":{"start":{"line":141,"column":6},"end":{"line":141,"column":81}},"type":"binary-expr","locations":[{"start":{"line":141,"column":6},"end":{"line":141,"column":31}},{"start":{"line":141,"column":35},"end":{"line":141,"column":81}}],"line":141},"6":{"loc":{"start":{"line":145,"column":2},"end":{"line":147,"column":3}},"type":"if","locations":[{"start":{"line":145,"column":2},"end":{"line":147,"column":3}},{"start":{"line":145,"column":2},"end":{"line":147,"column":3}}],"line":145},"7":{"loc":{"start":{"line":154,"column":2},"end":{"line":156,"column":3}},"type":"if","locations":[{"start":{"line":154,"column":2},"end":{"line":156,"column":3}},{"start":{"line":154,"column":2},"end":{"line":156,"column":3}}],"line":154},"8":{"loc":{"start":{"line":170,"column":4},"end":{"line":172,"column":5}},"type":"if","locations":[{"start":{"line":170,"column":4},"end":{"line":172,"column":5}},{"start":{"line":170,"column":4},"end":{"line":172,"column":5}}],"line":170},"9":{"loc":{"start":{"line":216,"column":2},"end":{"line":218,"column":3}},"type":"if","locations":[{"start":{"line":216,"column":2},"end":{"line":218,"column":3}},{"start":{"line":216,"column":2},"end":{"line":218,"column":3}}],"line":216},"10":{"loc":{"start":{"line":216,"column":6},"end":{"line":216,"column":61}},"type":"binary-expr","locations":[{"start":{"line":216,"column":6},"end":{"line":216,"column":36}},{"start":{"line":216,"column":40},"end":{"line":216,"column":61}}],"line":216},"11":{"loc":{"start":{"line":221,"column":2},"end":{"line":223,"column":3}},"type":"if","locations":[{"start":{"line":221,"column":2},"end":{"line":223,"column":3}},{"start":{"line":221,"column":2},"end":{"line":223,"column":3}}],"line":221},"12":{"loc":{"start":{"line":271,"column":2},"end":{"line":273,"column":3}},"type":"if","locations":[{"start":{"line":271,"column":2},"end":{"line":273,"column":3}},{"start":{"line":271,"column":2},"end":{"line":273,"column":3}}],"line":271},"13":{"loc":{"start":{"line":276,"column":2},"end":{"line":278,"column":3}},"type":"if","locations":[{"start":{"line":276,"column":2},"end":{"line":278,"column":3}},{"start":{"line":276,"column":2},"end":{"line":278,"column":3}}],"line":276}},"s":{"0":10,"1":10,"2":10,"3":10,"4":10,"5":10,"6":2,"7":10,"8":8,"9":1,"10":1,"11":10,"12":0,"13":0,"14":10,"15":5,"16":5,"17":2,"18":3,"19":3,"20":1,"21":2,"22":2,"23":1,"24":1,"25":1,"26":10,"27":6,"28":4,"29":6,"30":2,"31":4,"32":4,"33":4,"34":0,"35":4,"36":4,"37":10,"38":60,"39":0,"40":0,"41":0,"42":10,"43":1,"44":1,"45":10,"46":4,"47":4,"48":2,"49":2,"50":1,"51":1,"52":1,"53":1,"54":10,"55":2,"56":2,"57":2,"58":2,"59":2,"60":2,"61":1,"62":10,"63":1,"64":1,"65":1,"66":0,"67":1,"68":0,"69":1,"70":1,"71":1,"72":1,"73":1,"74":10,"75":0,"76":0},"f":{"0":2,"1":8,"2":0,"3":5,"4":6,"5":60,"6":0,"7":1,"8":4,"9":2,"10":1,"11":0},"b":{"0":[2,3],"1":[5,4],"2":[1,2],"3":[1,1],"4":[4,2],"5":[6,5],"6":[2,4],"7":[0,4],"8":[0,0],"9":[2,2],"10":[4,3],"11":[1,1],"12":[0,1],"13":[0,1]},"_coverageSchema":"1a1c01bbd47fc00a2c39e90264f33305004495a9","hash":"25330eaa5f8379777f9ac73c14397a6e6dbec168"}
,"C:\\Users\\Dell\\Desktop\\Spotify-Backend\\controllers\\categoryController.js": {"path":"C:\\Users\\Dell\\Desktop\\Spotify-Backend\\controllers\\categoryController.js","statementMap":{"0":{"start":{"line":17,"column":17},"end":{"line":17,"column":53}},"1":{"start":{"line":23,"column":17},"end":{"line":23,"column":53}},"2":{"start":{"line":29,"column":20},"end":{"line":29,"column":53}},"3":{"start":{"line":35,"column":19},"end":{"line":35,"column":51}},"4":{"start":{"line":41,"column":17},"end":{"line":41,"column":47}},"5":{"start":{"line":51,"column":0},"end":{"line":60,"column":2}},"6":{"start":{"line":52,"column":19},"end":{"line":52,"column":73}},"7":{"start":{"line":53,"column":21},"end":{"line":53,"column":56}},"8":{"start":{"line":54,"column":2},"end":{"line":59,"column":4}},"9":{"start":{"line":84,"column":0},"end":{"line":99,"column":2}},"10":{"start":{"line":85,"column":19},"end":{"line":85,"column":65}},"11":{"start":{"line":87,"column":2},"end":{"line":89,"column":3}},"12":{"start":{"line":88,"column":4},"end":{"line":88,"column":68}},"13":{"start":{"line":90,"column":19},"end":{"line":90,"column":130}},"14":{"start":{"line":91,"column":20},"end":{"line":91,"column":40}},"15":{"start":{"line":93,"column":2},"end":{"line":98,"column":4}}},"fnMap":{"0":{"name":"(anonymous_0)","decl":{"start":{"line":51,"column":38},"end":{"line":51,"column":39}},"loc":{"start":{"line":51,"column":64},"end":{"line":60,"column":1}},"line":51},"1":{"name":"(anonymous_1)","decl":{"start":{"line":84,"column":41},"end":{"line":84,"column":42}},"loc":{"start":{"line":84,"column":67},"end":{"line":99,"column":1}},"line":84}},"branchMap":{"0":{"loc":{"start":{"line":87,"column":2},"end":{"line":89,"column":3}},"type":"if","locations":[{"start":{"line":87,"column":2},"end":{"line":89,"column":3}},{"start":{"line":87,"column":2},"end":{"line":89,"column":3}}],"line":87}},"s":{"0":10,"1":10,"2":10,"3":10,"4":10,"5":10,"6":1,"7":1,"8":1,"9":10,"10":2,"11":2,"12":1,"13":1,"14":1,"15":1},"f":{"0":1,"1":2},"b":{"0":[1,1]},"_coverageSchema":"1a1c01bbd47fc00a2c39e90264f33305004495a9","hash":"70b36c42f48e9f4fb1178f5670b5e4592383c2ef"}
,"C:\\Users\\Dell\\Desktop\\Spotify-Backend\\controllers\\errorController.js": {"path":"C:\\Users\\Dell\\Desktop\\Spotify-Backend\\controllers\\errorController.js","statementMap":{"0":{"start":{"line":18,"column":17},"end":{"line":18,"column":47}},"1":{"start":{"line":26,"column":26},"end":{"line":29,"column":1}},"2":{"start":{"line":27,"column":18},"end":{"line":27,"column":54}},"3":{"start":{"line":28,"column":2},"end":{"line":28,"column":35}},"4":{"start":{"line":36,"column":32},"end":{"line":41,"column":1}},"5":{"start":{"line":37,"column":17},"end":{"line":37,"column":64}},"6":{"start":{"line":37,"column":53},"end":{"line":37,"column":63}},"7":{"start":{"line":39,"column":18},"end":{"line":39,"column":60}},"8":{"start":{"line":40,"column":2},"end":{"line":40,"column":35}},"9":{"start":{"line":49,"column":25},"end":{"line":49,"column":78}},"10":{"start":{"line":49,"column":32},"end":{"line":49,"column":78}},"11":{"start":{"line":57,"column":23},"end":{"line":57,"column":85}},"12":{"start":{"line":57,"column":30},"end":{"line":57,"column":85}},"13":{"start":{"line":65,"column":30},"end":{"line":65,"column":101}},"14":{"start":{"line":65,"column":37},"end":{"line":65,"column":101}},"15":{"start":{"line":73,"column":21},"end":{"line":80,"column":1}},"16":{"start":{"line":74,"column":2},"end":{"line":79,"column":4}},"17":{"start":{"line":88,"column":22},"end":{"line":101,"column":1}},"18":{"start":{"line":89,"column":2},"end":{"line":100,"column":3}},"19":{"start":{"line":90,"column":4},"end":{"line":93,"column":6}},"20":{"start":{"line":96,"column":4},"end":{"line":99,"column":6}},"21":{"start":{"line":103,"column":0},"end":{"line":134,"column":1}},"22":{"start":{"line":104,"column":2},"end":{"line":104,"column":40}},"23":{"start":{"line":105,"column":2},"end":{"line":105,"column":36}},"24":{"start":{"line":106,"column":2},"end":{"line":133,"column":3}},"25":{"start":{"line":107,"column":4},"end":{"line":107,"column":26}},"26":{"start":{"line":108,"column":9},"end":{"line":133,"column":3}},"27":{"start":{"line":109,"column":16},"end":{"line":109,"column":26}},"28":{"start":{"line":111,"column":4},"end":{"line":114,"column":5}},"29":{"start":{"line":112,"column":6},"end":{"line":112,"column":38}},"30":{"start":{"line":113,"column":6},"end":{"line":113,"column":38}},"31":{"start":{"line":115,"column":4},"end":{"line":118,"column":5}},"32":{"start":{"line":116,"column":6},"end":{"line":116,"column":44}},"33":{"start":{"line":117,"column":6},"end":{"line":117,"column":38}},"34":{"start":{"line":119,"column":4},"end":{"line":122,"column":5}},"35":{"start":{"line":120,"column":6},"end":{"line":120,"column":35}},"36":{"start":{"line":121,"column":6},"end":{"line":121,"column":38}},"37":{"start":{"line":123,"column":4},"end":{"line":126,"column":5}},"38":{"start":{"line":124,"column":6},"end":{"line":124,"column":42}},"39":{"start":{"line":125,"column":6},"end":{"line":125,"column":38}},"40":{"start":{"line":127,"column":4},"end":{"line":130,"column":5}},"41":{"start":{"line":128,"column":6},"end":{"line":128,"column":37}},"42":{"start":{"line":129,"column":6},"end":{"line":129,"column":38}},"43":{"start":{"line":132,"column":4},"end":{"line":132,"column":34}}},"fnMap":{"0":{"name":"(anonymous_0)","decl":{"start":{"line":26,"column":26},"end":{"line":26,"column":27}},"loc":{"start":{"line":26,"column":33},"end":{"line":29,"column":1}},"line":26},"1":{"name":"(anonymous_1)","decl":{"start":{"line":36,"column":32},"end":{"line":36,"column":33}},"loc":{"start":{"line":36,"column":39},"end":{"line":41,"column":1}},"line":36},"2":{"name":"(anonymous_2)","decl":{"start":{"line":37,"column":47},"end":{"line":37,"column":48}},"loc":{"start":{"line":37,"column":53},"end":{"line":37,"column":63}},"line":37},"3":{"name":"(anonymous_3)","decl":{"start":{"line":49,"column":25},"end":{"line":49,"column":26}},"loc":{"start":{"line":49,"column":32},"end":{"line":49,"column":78}},"line":49},"4":{"name":"(anonymous_4)","decl":{"start":{"line":57,"column":23},"end":{"line":57,"column":24}},"loc":{"start":{"line":57,"column":30},"end":{"line":57,"column":85}},"line":57},"5":{"name":"(anonymous_5)","decl":{"start":{"line":65,"column":30},"end":{"line":65,"column":31}},"loc":{"start":{"line":65,"column":37},"end":{"line":65,"column":101}},"line":65},"6":{"name":"(anonymous_6)","decl":{"start":{"line":73,"column":21},"end":{"line":73,"column":22}},"loc":{"start":{"line":73,"column":35},"end":{"line":80,"column":1}},"line":73},"7":{"name":"(anonymous_7)","decl":{"start":{"line":88,"column":22},"end":{"line":88,"column":23}},"loc":{"start":{"line":88,"column":36},"end":{"line":101,"column":1}},"line":88},"8":{"name":"(anonymous_8)","decl":{"start":{"line":103,"column":17},"end":{"line":103,"column":18}},"loc":{"start":{"line":103,"column":42},"end":{"line":134,"column":1}},"line":103}},"branchMap":{"0":{"loc":{"start":{"line":89,"column":2},"end":{"line":100,"column":3}},"type":"if","locations":[{"start":{"line":89,"column":2},"end":{"line":100,"column":3}},{"start":{"line":89,"column":2},"end":{"line":100,"column":3}}],"line":89},"1":{"loc":{"start":{"line":104,"column":19},"end":{"line":104,"column":40}},"type":"binary-expr","locations":[{"start":{"line":104,"column":19},"end":{"line":104,"column":33}},{"start":{"line":104,"column":37},"end":{"line":104,"column":40}}],"line":104},"2":{"loc":{"start":{"line":105,"column":15},"end":{"line":105,"column":36}},"type":"binary-expr","locations":[{"start":{"line":105,"column":15},"end":{"line":105,"column":25}},{"start":{"line":105,"column":29},"end":{"line":105,"column":36}}],"line":105},"3":{"loc":{"start":{"line":106,"column":2},"end":{"line":133,"column":3}},"type":"if","locations":[{"start":{"line":106,"column":2},"end":{"line":133,"column":3}},{"start":{"line":106,"column":2},"end":{"line":133,"column":3}}],"line":106},"4":{"loc":{"start":{"line":108,"column":9},"end":{"line":133,"column":3}},"type":"if","locations":[{"start":{"line":108,"column":9},"end":{"line":133,"column":3}},{"start":{"line":108,"column":9},"end":{"line":133,"column":3}}],"line":108},"5":{"loc":{"start":{"line":111,"column":4},"end":{"line":114,"column":5}},"type":"if","locations":[{"start":{"line":111,"column":4},"end":{"line":114,"column":5}},{"start":{"line":111,"column":4},"end":{"line":114,"column":5}}],"line":111},"6":{"loc":{"start":{"line":115,"column":4},"end":{"line":118,"column":5}},"type":"if","locations":[{"start":{"line":115,"column":4},"end":{"line":118,"column":5}},{"start":{"line":115,"column":4},"end":{"line":118,"column":5}}],"line":115},"7":{"loc":{"start":{"line":119,"column":4},"end":{"line":122,"column":5}},"type":"if","locations":[{"start":{"line":119,"column":4},"end":{"line":122,"column":5}},{"start":{"line":119,"column":4},"end":{"line":122,"column":5}}],"line":119},"8":{"loc":{"start":{"line":123,"column":4},"end":{"line":126,"column":5}},"type":"if","locations":[{"start":{"line":123,"column":4},"end":{"line":126,"column":5}},{"start":{"line":123,"column":4},"end":{"line":126,"column":5}}],"line":123},"9":{"loc":{"start":{"line":127,"column":4},"end":{"line":130,"column":5}},"type":"if","locations":[{"start":{"line":127,"column":4},"end":{"line":130,"column":5}},{"start":{"line":127,"column":4},"end":{"line":130,"column":5}}],"line":127}},"s":{"0":10,"1":10,"2":0,"3":0,"4":10,"5":0,"6":0,"7":0,"8":0,"9":10,"10":0,"11":10,"12":0,"13":10,"14":0,"15":10,"16":0,"17":10,"18":0,"19":0,"20":0,"21":10,"22":0,"23":0,"24":0,"25":0,"26":0,"27":0,"28":0,"29":0,"30":0,"31":0,"32":0,"33":0,"34":0,"35":0,"36":0,"37":0,"38":0,"39":0,"40":0,"41":0,"42":0,"43":0},"f":{"0":0,"1":0,"2":0,"3":0,"4":0,"5":0,"6":0,"7":0,"8":0},"b":{"0":[0,0],"1":[0,0],"2":[0,0],"3":[0,0],"4":[0,0],"5":[0,0],"6":[0,0],"7":[0,0],"8":[0,0],"9":[0,0]},"_coverageSchema":"1a1c01bbd47fc00a2c39e90264f33305004495a9","hash":"04031953bfcdd16df5217d6056c18b54d0f7ae71"}
,"C:\\Users\\Dell\\Desktop\\Spotify-Backend\\controllers\\playerController.js": {"path":"C:\\Users\\Dell\\Desktop\\Spotify-Backend\\controllers\\playerController.js","statementMap":{"0":{"start":{"line":17,"column":20},"end":{"line":17,"column":57}},"1":{"start":{"line":22,"column":14},"end":{"line":22,"column":45}},"2":{"start":{"line":28,"column":19},"end":{"line":28,"column":49}},"3":{"start":{"line":34,"column":20},"end":{"line":34,"column":51}},"4":{"start":{"line":40,"column":21},"end":{"line":40,"column":55}},"5":{"start":{"line":41,"column":20},"end":{"line":41,"column":38}},"6":{"start":{"line":47,"column":23},"end":{"line":47,"column":59}},"7":{"start":{"line":48,"column":22},"end":{"line":48,"column":42}},"8":{"start":{"line":53,"column":17},"end":{"line":53,"column":45}},"9":{"start":{"line":68,"column":0},"end":{"line":95,"column":2}},"10":{"start":{"line":69,"column":17},"end":{"line":69,"column":71}},"11":{"start":{"line":71,"column":2},"end":{"line":71,"column":78}},"12":{"start":{"line":77,"column":21},"end":{"line":77,"column":99}},"13":{"start":{"line":78,"column":2},"end":{"line":78,"column":114}},"14":{"start":{"line":78,"column":19},"end":{"line":78,"column":114}},"15":{"start":{"line":79,"column":16},"end":{"line":79,"column":87}},"16":{"start":{"line":80,"column":2},"end":{"line":82,"column":3}},"17":{"start":{"line":81,"column":4},"end":{"line":81,"column":71}},"18":{"start":{"line":83,"column":25},"end":{"line":88,"column":4}},"19":{"start":{"line":89,"column":2},"end":{"line":89,"column":29}},"20":{"start":{"line":91,"column":2},"end":{"line":91,"column":47}},"21":{"start":{"line":92,"column":2},"end":{"line":92,"column":25}},"22":{"start":{"line":94,"column":2},"end":{"line":94,"column":24}},"23":{"start":{"line":104,"column":0},"end":{"line":114,"column":2}},"24":{"start":{"line":105,"column":17},"end":{"line":105,"column":71}},"25":{"start":{"line":106,"column":19},"end":{"line":106,"column":144}},"26":{"start":{"line":107,"column":16},"end":{"line":107,"column":36}},"27":{"start":{"line":108,"column":2},"end":{"line":113,"column":4}}},"fnMap":{"0":{"name":"(anonymous_0)","decl":{"start":{"line":68,"column":41},"end":{"line":68,"column":42}},"loc":{"start":{"line":68,"column":73},"end":{"line":95,"column":1}},"line":68},"1":{"name":"(anonymous_1)","decl":{"start":{"line":104,"column":39},"end":{"line":104,"column":40}},"loc":{"start":{"line":104,"column":71},"end":{"line":114,"column":1}},"line":104}},"branchMap":{"0":{"loc":{"start":{"line":78,"column":2},"end":{"line":78,"column":114}},"type":"if","locations":[{"start":{"line":78,"column":2},"end":{"line":78,"column":114}},{"start":{"line":78,"column":2},"end":{"line":78,"column":114}}],"line":78},"1":{"loc":{"start":{"line":80,"column":2},"end":{"line":82,"column":3}},"type":"if","locations":[{"start":{"line":80,"column":2},"end":{"line":82,"column":3}},{"start":{"line":80,"column":2},"end":{"line":82,"column":3}}],"line":80}},"s":{"0":11,"1":11,"2":11,"3":11,"4":11,"5":11,"6":11,"7":11,"8":11,"9":11,"10":5,"11":5,"12":5,"13":5,"14":0,"15":5,"16":5,"17":1,"18":4,"19":4,"20":4,"21":4,"22":4,"23":11,"24":1,"25":1,"26":1,"27":1},"f":{"0":5,"1":1},"b":{"0":[0,5],"1":[1,4]},"_coverageSchema":"1a1c01bbd47fc00a2c39e90264f33305004495a9","hash":"350e00909e1c77bb4fd3c5dbca1ac366e58b9e3f"}
,"C:\\Users\\Dell\\Desktop\\Spotify-Backend\\controllers\\playlistController.js": {"path":"C:\\Users\\Dell\\Desktop\\Spotify-Backend\\controllers\\playlistController.js","statementMap":{"0":{"start":{"line":17,"column":17},"end":{"line":17,"column":53}},"1":{"start":{"line":23,"column":14},"end":{"line":23,"column":47}},"2":{"start":{"line":29,"column":20},"end":{"line":29,"column":53}},"3":{"start":{"line":35,"column":19},"end":{"line":35,"column":51}},"4":{"start":{"line":41,"column":17},"end":{"line":41,"column":47}},"5":{"start":{"line":58,"column":0},"end":{"line":72,"column":2}},"6":{"start":{"line":59,"column":19},"end":{"line":59,"column":109}},"7":{"start":{"line":60,"column":19},"end":{"line":60,"column":39}},"8":{"start":{"line":62,"column":2},"end":{"line":64,"column":3}},"9":{"start":{"line":63,"column":4},"end":{"line":63,"column":68}},"10":{"start":{"line":66,"column":2},"end":{"line":71,"column":4}},"11":{"start":{"line":83,"column":0},"end":{"line":97,"column":2}},"12":{"start":{"line":84,"column":16},"end":{"line":84,"column":56}},"13":{"start":{"line":85,"column":17},"end":{"line":85,"column":60}},"14":{"start":{"line":87,"column":2},"end":{"line":89,"column":3}},"15":{"start":{"line":88,"column":4},"end":{"line":88,"column":65}},"16":{"start":{"line":91,"column":2},"end":{"line":96,"column":4}},"17":{"start":{"line":108,"column":0},"end":{"line":121,"column":2}},"18":{"start":{"line":109,"column":14},"end":{"line":109,"column":54}},"19":{"start":{"line":110,"column":2},"end":{"line":110,"column":44}},"20":{"start":{"line":111,"column":19},"end":{"line":111,"column":126}},"21":{"start":{"line":113,"column":22},"end":{"line":113,"column":42}},"22":{"start":{"line":115,"column":2},"end":{"line":120,"column":4}},"23":{"start":{"line":150,"column":0},"end":{"line":160,"column":2}},"24":{"start":{"line":151,"column":19},"end":{"line":151,"column":102}},"25":{"start":{"line":152,"column":19},"end":{"line":152,"column":39}},"26":{"start":{"line":154,"column":2},"end":{"line":159,"column":4}}},"fnMap":{"0":{"name":"(anonymous_0)","decl":{"start":{"line":58,"column":36},"end":{"line":58,"column":37}},"loc":{"start":{"line":58,"column":62},"end":{"line":72,"column":1}},"line":58},"1":{"name":"(anonymous_1)","decl":{"start":{"line":83,"column":38},"end":{"line":83,"column":39}},"loc":{"start":{"line":83,"column":64},"end":{"line":97,"column":1}},"line":83},"2":{"name":"(anonymous_2)","decl":{"start":{"line":108,"column":39},"end":{"line":108,"column":40}},"loc":{"start":{"line":108,"column":65},"end":{"line":121,"column":1}},"line":108},"3":{"name":"(anonymous_3)","decl":{"start":{"line":150,"column":39},"end":{"line":150,"column":40}},"loc":{"start":{"line":150,"column":65},"end":{"line":160,"column":1}},"line":150}},"branchMap":{"0":{"loc":{"start":{"line":62,"column":2},"end":{"line":64,"column":3}},"type":"if","locations":[{"start":{"line":62,"column":2},"end":{"line":64,"column":3}},{"start":{"line":62,"column":2},"end":{"line":64,"column":3}}],"line":62},"1":{"loc":{"start":{"line":87,"column":2},"end":{"line":89,"column":3}},"type":"if","locations":[{"start":{"line":87,"column":2},"end":{"line":89,"column":3}},{"start":{"line":87,"column":2},"end":{"line":89,"column":3}}],"line":87}},"s":{"0":10,"1":10,"2":10,"3":10,"4":10,"5":10,"6":4,"7":4,"8":4,"9":3,"10":1,"11":10,"12":1,"13":1,"14":1,"15":0,"16":1,"17":10,"18":1,"19":1,"20":1,"21":1,"22":1,"23":10,"24":2,"25":2,"26":2},"f":{"0":4,"1":1,"2":1,"3":2},"b":{"0":[3,1],"1":[0,1]},"_coverageSchema":"1a1c01bbd47fc00a2c39e90264f33305004495a9","hash":"92f662117c68b80b02546f67788949171cd2fc0f"}
,"C:\\Users\\Dell\\Desktop\\Spotify-Backend\\controllers\\trackController.js": {"path":"C:\\Users\\Dell\\Desktop\\Spotify-Backend\\controllers\\trackController.js","statementMap":{"0":{"start":{"line":17,"column":14},"end":{"line":17,"column":47}},"1":{"start":{"line":22,"column":23},"end":{"line":22,"column":59}},"2":{"start":{"line":23,"column":22},"end":{"line":23,"column":42}},"3":{"start":{"line":29,"column":17},"end":{"line":29,"column":47}},"4":{"start":{"line":35,"column":20},"end":{"line":35,"column":53}},"5":{"start":{"line":41,"column":19},"end":{"line":41,"column":51}},"6":{"start":{"line":52,"column":0},"end":{"line":68,"column":2}},"7":{"start":{"line":53,"column":19},"end":{"line":53,"column":101}},"8":{"start":{"line":54,"column":16},"end":{"line":54,"column":36}},"9":{"start":{"line":57,"column":2},"end":{"line":59,"column":3}},"10":{"start":{"line":58,"column":4},"end":{"line":58,"column":65}},"11":{"start":{"line":62,"column":2},"end":{"line":67,"column":4}},"12":{"start":{"line":79,"column":0},"end":{"line":94,"column":2}},"13":{"start":{"line":80,"column":14},"end":{"line":80,"column":38}},"14":{"start":{"line":81,"column":19},"end":{"line":81,"column":100}},"15":{"start":{"line":82,"column":17},"end":{"line":82,"column":37}},"16":{"start":{"line":84,"column":2},"end":{"line":86,"column":3}},"17":{"start":{"line":85,"column":4},"end":{"line":85,"column":67}},"18":{"start":{"line":88,"column":2},"end":{"line":93,"column":4}},"19":{"start":{"line":105,"column":0},"end":{"line":114,"column":2}},"20":{"start":{"line":106,"column":16},"end":{"line":106,"column":56}},"21":{"start":{"line":108,"column":21},"end":{"line":108,"column":81}},"22":{"start":{"line":109,"column":2},"end":{"line":113,"column":3}},"23":{"start":{"line":110,"column":4},"end":{"line":110,"column":37}},"24":{"start":{"line":112,"column":4},"end":{"line":112,"column":26}}},"fnMap":{"0":{"name":"(anonymous_0)","decl":{"start":{"line":52,"column":33},"end":{"line":52,"column":34}},"loc":{"start":{"line":52,"column":59},"end":{"line":68,"column":1}},"line":52},"1":{"name":"(anonymous_1)","decl":{"start":{"line":79,"column":31},"end":{"line":79,"column":32}},"loc":{"start":{"line":79,"column":57},"end":{"line":94,"column":1}},"line":79},"2":{"name":"(anonymous_2)","decl":{"start":{"line":105,"column":42},"end":{"line":105,"column":43}},"loc":{"start":{"line":105,"column":68},"end":{"line":114,"column":1}},"line":105}},"branchMap":{"0":{"loc":{"start":{"line":57,"column":2},"end":{"line":59,"column":3}},"type":"if","locations":[{"start":{"line":57,"column":2},"end":{"line":59,"column":3}},{"start":{"line":57,"column":2},"end":{"line":59,"column":3}}],"line":57},"1":{"loc":{"start":{"line":84,"column":2},"end":{"line":86,"column":3}},"type":"if","locations":[{"start":{"line":84,"column":2},"end":{"line":86,"column":3}},{"start":{"line":84,"column":2},"end":{"line":86,"column":3}}],"line":84},"2":{"loc":{"start":{"line":109,"column":2},"end":{"line":113,"column":3}},"type":"if","locations":[{"start":{"line":109,"column":2},"end":{"line":113,"column":3}},{"start":{"line":109,"column":2},"end":{"line":113,"column":3}}],"line":109}},"s":{"0":10,"1":10,"2":10,"3":10,"4":10,"5":10,"6":10,"7":2,"8":2,"9":2,"10":1,"11":1,"12":10,"13":2,"14":2,"15":2,"16":1,"17":0,"18":1,"19":10,"20":0,"21":0,"22":0,"23":0,"24":0},"f":{"0":2,"1":2,"2":0},"b":{"0":[1,1],"1":[0,1],"2":[0,0]},"_coverageSchema":"1a1c01bbd47fc00a2c39e90264f33305004495a9","hash":"0ca3eb8ea76b3c5a5fcad953d869ab87b2fa5cad"}
,"C:\\Users\\Dell\\Desktop\\Spotify-Backend\\controllers\\userController.js": {"path":"C:\\Users\\Dell\\Desktop\\Spotify-Backend\\controllers\\userController.js","statementMap":{"0":{"start":{"line":16,"column":19},"end":{"line":16,"column":49}},"1":{"start":{"line":22,"column":21},"end":{"line":22,"column":55}},"2":{"start":{"line":23,"column":20},"end":{"line":23,"column":38}},"3":{"start":{"line":29,"column":17},"end":{"line":29,"column":47}},"4":{"start":{"line":35,"column":23},"end":{"line":35,"column":59}},"5":{"start":{"line":36,"column":22},"end":{"line":36,"column":42}},"6":{"start":{"line":45,"column":29},"end":{"line":60,"column":2}},"7":{"start":{"line":48,"column":16},"end":{"line":48,"column":104}},"8":{"start":{"line":49,"column":2},"end":{"line":49,"column":59}},"9":{"start":{"line":51,"column":18},"end":{"line":51,"column":47}},"10":{"start":{"line":53,"column":15},"end":{"line":55,"column":148}},"11":{"start":{"line":57,"column":2},"end":{"line":57,"column":61}},"12":{"start":{"line":59,"column":2},"end":{"line":59,"column":24}},"13":{"start":{"line":69,"column":22},"end":{"line":84,"column":2}},"14":{"start":{"line":72,"column":2},"end":{"line":72,"column":92}},"15":{"start":{"line":72,"column":38},"end":{"line":72,"column":92}},"16":{"start":{"line":73,"column":16},"end":{"line":73,"column":124}},"17":{"start":{"line":76,"column":18},"end":{"line":76,"column":50}},"18":{"start":{"line":77,"column":15},"end":{"line":78,"column":88}},"19":{"start":{"line":80,"column":2},"end":{"line":80,"column":52}},"20":{"start":{"line":83,"column":2},"end":{"line":83,"column":24}},"21":{"start":{"line":93,"column":29},"end":{"line":96,"column":2}},"22":{"start":{"line":95,"column":2},"end":{"line":95,"column":46}},"23":{"start":{"line":105,"column":28},"end":{"line":108,"column":2}},"24":{"start":{"line":107,"column":2},"end":{"line":107,"column":45}},"25":{"start":{"line":117,"column":20},"end":{"line":134,"column":1}},"26":{"start":{"line":121,"column":16},"end":{"line":121,"column":98}},"27":{"start":{"line":122,"column":2},"end":{"line":122,"column":91}},"28":{"start":{"line":125,"column":16},"end":{"line":125,"column":72}},"29":{"start":{"line":126,"column":18},"end":{"line":126,"column":62}},"30":{"start":{"line":127,"column":15},"end":{"line":129,"column":138}},"31":{"start":{"line":130,"column":2},"end":{"line":130,"column":52}},"32":{"start":{"line":133,"column":2},"end":{"line":133,"column":24}},"33":{"start":{"line":143,"column":23},"end":{"line":157,"column":2}},"34":{"start":{"line":146,"column":2},"end":{"line":146,"column":91}},"35":{"start":{"line":148,"column":16},"end":{"line":148,"column":72}},"36":{"start":{"line":149,"column":15},"end":{"line":149,"column":71}},"37":{"start":{"line":150,"column":18},"end":{"line":150,"column":47}},"38":{"start":{"line":151,"column":15},"end":{"line":152,"column":121}},"39":{"start":{"line":153,"column":2},"end":{"line":153,"column":52}},"40":{"start":{"line":156,"column":2},"end":{"line":156,"column":24}},"41":{"start":{"line":166,"column":22},"end":{"line":182,"column":2}},"42":{"start":{"line":169,"column":16},"end":{"line":169,"column":98}},"43":{"start":{"line":170,"column":2},"end":{"line":170,"column":89}},"44":{"start":{"line":172,"column":15},"end":{"line":172,"column":71}},"45":{"start":{"line":173,"column":16},"end":{"line":173,"column":72}},"46":{"start":{"line":174,"column":18},"end":{"line":174,"column":53}},"47":{"start":{"line":175,"column":15},"end":{"line":177,"column":124}},"48":{"start":{"line":178,"column":2},"end":{"line":178,"column":52}},"49":{"start":{"line":181,"column":2},"end":{"line":181,"column":24}},"50":{"start":{"line":191,"column":29},"end":{"line":205,"column":2}},"51":{"start":{"line":195,"column":2},"end":{"line":195,"column":92}},"52":{"start":{"line":197,"column":16},"end":{"line":197,"column":72}},"53":{"start":{"line":198,"column":18},"end":{"line":198,"column":46}},"54":{"start":{"line":199,"column":15},"end":{"line":200,"column":136}},"55":{"start":{"line":201,"column":2},"end":{"line":201,"column":52}},"56":{"start":{"line":204,"column":2},"end":{"line":204,"column":24}},"57":{"start":{"line":208,"column":23},"end":{"line":208,"column":25}},"58":{"start":{"line":211,"column":0},"end":{"line":219,"column":1}},"59":{"start":{"line":221,"column":17},"end":{"line":221,"column":43}},"60":{"start":{"line":222,"column":0},"end":{"line":222,"column":25}}},"fnMap":{"0":{"name":"(anonymous_0)","decl":{"start":{"line":45,"column":40},"end":{"line":45,"column":41}},"loc":{"start":{"line":45,"column":72},"end":{"line":60,"column":1}},"line":45},"1":{"name":"(anonymous_1)","decl":{"start":{"line":69,"column":33},"end":{"line":69,"column":34}},"loc":{"start":{"line":69,"column":65},"end":{"line":84,"column":1}},"line":69},"2":{"name":"(anonymous_2)","decl":{"start":{"line":93,"column":40},"end":{"line":93,"column":41}},"loc":{"start":{"line":93,"column":72},"end":{"line":96,"column":1}},"line":93},"3":{"name":"(anonymous_3)","decl":{"start":{"line":105,"column":39},"end":{"line":105,"column":40}},"loc":{"start":{"line":105,"column":71},"end":{"line":108,"column":1}},"line":105},"4":{"name":"(anonymous_4)","decl":{"start":{"line":117,"column":20},"end":{"line":117,"column":21}},"loc":{"start":{"line":117,"column":65},"end":{"line":134,"column":1}},"line":117},"5":{"name":"(anonymous_5)","decl":{"start":{"line":143,"column":34},"end":{"line":143,"column":35}},"loc":{"start":{"line":143,"column":66},"end":{"line":157,"column":1}},"line":143},"6":{"name":"(anonymous_6)","decl":{"start":{"line":166,"column":33},"end":{"line":166,"column":34}},"loc":{"start":{"line":166,"column":65},"end":{"line":182,"column":1}},"line":166},"7":{"name":"(anonymous_7)","decl":{"start":{"line":191,"column":40},"end":{"line":191,"column":41}},"loc":{"start":{"line":191,"column":72},"end":{"line":205,"column":1}},"line":191}},"branchMap":{"0":{"loc":{"start":{"line":72,"column":2},"end":{"line":72,"column":92}},"type":"if","locations":[{"start":{"line":72,"column":2},"end":{"line":72,"column":92}},{"start":{"line":72,"column":2},"end":{"line":72,"column":92}}],"line":72}},"s":{"0":10,"1":10,"2":10,"3":10,"4":10,"5":10,"6":10,"7":0,"8":0,"9":0,"10":0,"11":0,"12":0,"13":10,"14":0,"15":0,"16":0,"17":0,"18":0,"19":0,"20":0,"21":10,"22":0,"23":10,"24":0,"25":10,"26":0,"27":0,"28":0,"29":0,"30":0,"31":0,"32":0,"33":10,"34":0,"35":0,"36":0,"37":0,"38":0,"39":0,"40":0,"41":10,"42":0,"43":0,"44":0,"45":0,"46":0,"47":0,"48":0,"49":0,"50":10,"51":0,"52":0,"53":0,"54":0,"55":0,"56":0,"57":10,"58":10,"59":10,"60":10},"f":{"0":0,"1":0,"2":0,"3":0,"4":0,"5":0,"6":0,"7":0},"b":{"0":[0,0]},"_coverageSchema":"1a1c01bbd47fc00a2c39e90264f33305004495a9","hash":"0958f6abb391337567384fe138d0d217569cc7cc"}
,"C:\\Users\\Dell\\Desktop\\Spotify-Backend\\models\\albumModel.js": {"path":"C:\\Users\\Dell\\Desktop\\Spotify-Backend\\models\\albumModel.js","statementMap":{"0":{"start":{"line":8,"column":17},"end":{"line":8,"column":36}},"1":{"start":{"line":30,"column":20},"end":{"line":97,"column":2}},"2":{"start":{"line":99,"column":14},"end":{"line":99,"column":50}},"3":{"start":{"line":101,"column":0},"end":{"line":101,"column":22}}},"fnMap":{},"branchMap":{},"s":{"0":11,"1":11,"2":11,"3":11},"f":{},"b":{},"_coverageSchema":"1a1c01bbd47fc00a2c39e90264f33305004495a9","hash":"ca99f6df08911e36bf8d5d804045704dd65cd96c"}
,"C:\\Users\\Dell\\Desktop\\Spotify-Backend\\models\\categoryModel.js": {"path":"C:\\Users\\Dell\\Desktop\\Spotify-Backend\\models\\categoryModel.js","statementMap":{"0":{"start":{"line":7,"column":17},"end":{"line":7,"column":36}},"1":{"start":{"line":17,"column":23},"end":{"line":28,"column":2}},"2":{"start":{"line":30,"column":17},"end":{"line":30,"column":59}},"3":{"start":{"line":32,"column":0},"end":{"line":32,"column":25}}},"fnMap":{},"branchMap":{},"s":{"0":10,"1":10,"2":10,"3":10},"f":{},"b":{},"_coverageSchema":"1a1c01bbd47fc00a2c39e90264f33305004495a9","hash":"4fff7d3b4f66433eeced4e8b6d15338298b8e615"}
,"C:\\Users\\Dell\\Desktop\\Spotify-Backend\\models\\contextModel.js": {"path":"C:\\Users\\Dell\\Desktop\\Spotify-Backend\\models\\contextModel.js","statementMap":{"0":{"start":{"line":6,"column":17},"end":{"line":6,"column":36}},"1":{"start":{"line":21,"column":22},"end":{"line":42,"column":2}},"2":{"start":{"line":44,"column":16},"end":{"line":44,"column":56}},"3":{"start":{"line":46,"column":0},"end":{"line":46,"column":24}}},"fnMap":{},"branchMap":{},"s":{"0":11,"1":11,"2":11,"3":11},"f":{},"b":{},"_coverageSchema":"1a1c01bbd47fc00a2c39e90264f33305004495a9","hash":"298beae2858d39c3e0bc39bc7a29f0737fd0dbf9"}
,"C:\\Users\\Dell\\Desktop\\Spotify-Backend\\models\\playHistoryModel.js": {"path":"C:\\Users\\Dell\\Desktop\\Spotify-Backend\\models\\playHistoryModel.js","statementMap":{"0":{"start":{"line":5,"column":17},"end":{"line":5,"column":36}},"1":{"start":{"line":17,"column":26},"end":{"line":36,"column":2}},"2":{"start":{"line":45,"column":0},"end":{"line":49,"column":2}},"3":{"start":{"line":46,"column":2},"end":{"line":46,"column":54}},"4":{"start":{"line":47,"column":2},"end":{"line":47,"column":52}},"5":{"start":{"line":48,"column":2},"end":{"line":48,"column":8}},"6":{"start":{"line":58,"column":0},"end":{"line":60,"column":2}},"7":{"start":{"line":59,"column":2},"end":{"line":59,"column":73}},"8":{"start":{"line":62,"column":20},"end":{"line":62,"column":68}},"9":{"start":{"line":64,"column":0},"end":{"line":64,"column":28}}},"fnMap":{"0":{"name":"(anonymous_0)","decl":{"start":{"line":45,"column":31},"end":{"line":45,"column":32}},"loc":{"start":{"line":45,"column":47},"end":{"line":49,"column":1}},"line":45},"1":{"name":"(anonymous_1)","decl":{"start":{"line":58,"column":43},"end":{"line":58,"column":44}},"loc":{"start":{"line":58,"column":58},"end":{"line":60,"column":1}},"line":58}},"branchMap":{},"s":{"0":11,"1":11,"2":11,"3":6,"4":6,"5":6,"6":11,"7":2,"8":11,"9":11},"f":{"0":6,"1":2},"b":{},"_coverageSchema":"1a1c01bbd47fc00a2c39e90264f33305004495a9","hash":"6c2eeb3a165b71ffcef0441dee52f9a9bd33805f"}
,"C:\\Users\\Dell\\Desktop\\Spotify-Backend\\models\\playerModel.js": {"path":"C:\\Users\\Dell\\Desktop\\Spotify-Backend\\models\\playerModel.js","statementMap":{"0":{"start":{"line":5,"column":17},"end":{"line":5,"column":36}},"1":{"start":{"line":17,"column":21},"end":{"line":31,"column":2}},"2":{"start":{"line":40,"column":0},"end":{"line":43,"column":2}},"3":{"start":{"line":41,"column":2},"end":{"line":41,"column":26}},"4":{"start":{"line":42,"column":2},"end":{"line":42,"column":8}},"5":{"start":{"line":45,"column":15},"end":{"line":45,"column":53}},"6":{"start":{"line":47,"column":0},"end":{"line":47,"column":23}}},"fnMap":{"0":{"name":"(anonymous_0)","decl":{"start":{"line":40,"column":26},"end":{"line":40,"column":27}},"loc":{"start":{"line":40,"column":42},"end":{"line":43,"column":1}},"line":40}},"branchMap":{},"s":{"0":11,"1":11,"2":11,"3":0,"4":0,"5":11,"6":11},"f":{"0":0},"b":{},"_coverageSchema":"1a1c01bbd47fc00a2c39e90264f33305004495a9","hash":"b991847065d4ab0f458daea0ba96f0015ddbb7d4"}
,"C:\\Users\\Dell\\Desktop\\Spotify-Backend\\models\\playlistModel.js": {"path":"C:\\Users\\Dell\\Desktop\\Spotify-Backend\\models\\playlistModel.js","statementMap":{"0":{"start":{"line":7,"column":17},"end":{"line":7,"column":36}},"1":{"start":{"line":31,"column":23},"end":{"line":123,"column":2}},"2":{"start":{"line":125,"column":17},"end":{"line":125,"column":59}},"3":{"start":{"line":127,"column":0},"end":{"line":127,"column":25}}},"fnMap":{},"branchMap":{},"s":{"0":11,"1":11,"2":11,"3":11},"f":{},"b":{},"_coverageSchema":"1a1c01bbd47fc00a2c39e90264f33305004495a9","hash":"7ecfd3faf9986d25a8c69286b3b31d31ed657363"}
,"C:\\Users\\Dell\\Desktop\\Spotify-Backend\\models\\trackModel.js": {"path":"C:\\Users\\Dell\\Desktop\\Spotify-Backend\\models\\trackModel.js","statementMap":{"0":{"start":{"line":8,"column":17},"end":{"line":8,"column":36}},"1":{"start":{"line":34,"column":20},"end":{"line":86,"column":2}},"2":{"start":{"line":88,"column":14},"end":{"line":88,"column":50}},"3":{"start":{"line":90,"column":0},"end":{"line":90,"column":22}}},"fnMap":{},"branchMap":{},"s":{"0":11,"1":11,"2":11,"3":11},"f":{},"b":{},"_coverageSchema":"1a1c01bbd47fc00a2c39e90264f33305004495a9","hash":"83221b7d587171399d434ad4588248196c679049"}
,"C:\\Users\\Dell\\Desktop\\Spotify-Backend\\models\\userModel.js": {"path":"C:\\Users\\Dell\\Desktop\\Spotify-Backend\\models\\userModel.js","statementMap":{"0":{"start":{"line":7,"column":17},"end":{"line":7,"column":36}},"1":{"start":{"line":13,"column":18},"end":{"line":13,"column":38}},"2":{"start":{"line":19,"column":15},"end":{"line":19,"column":34}},"3":{"start":{"line":21,"column":15},"end":{"line":21,"column":32}},"4":{"start":{"line":22,"column":0},"end":{"line":22,"column":31}},"5":{"start":{"line":55,"column":15},"end":{"line":55,"column":30}},"6":{"start":{"line":56,"column":19},"end":{"line":151,"column":2}},"7":{"start":{"line":86,"column":8},"end":{"line":86,"column":83}},"8":{"start":{"line":160,"column":0},"end":{"line":167,"column":2}},"9":{"start":{"line":162,"column":2},"end":{"line":162,"column":49}},"10":{"start":{"line":162,"column":36},"end":{"line":162,"column":49}},"11":{"start":{"line":164,"column":2},"end":{"line":164,"column":54}},"12":{"start":{"line":166,"column":2},"end":{"line":166,"column":8}},"13":{"start":{"line":176,"column":0},"end":{"line":179,"column":1}},"14":{"start":{"line":178,"column":2},"end":{"line":178,"column":62}},"15":{"start":{"line":181,"column":13},"end":{"line":181,"column":47}},"16":{"start":{"line":183,"column":0},"end":{"line":183,"column":21}}},"fnMap":{"0":{"name":"(anonymous_0)","decl":{"start":{"line":85,"column":17},"end":{"line":85,"column":18}},"loc":{"start":{"line":85,"column":29},"end":{"line":87,"column":7}},"line":85},"1":{"name":"(anonymous_1)","decl":{"start":{"line":160,"column":23},"end":{"line":160,"column":24}},"loc":{"start":{"line":160,"column":45},"end":{"line":167,"column":1}},"line":160},"2":{"name":"(anonymous_2)","decl":{"start":{"line":176,"column":37},"end":{"line":176,"column":38}},"loc":{"start":{"line":176,"column":86},"end":{"line":179,"column":1}},"line":176}},"branchMap":{"0":{"loc":{"start":{"line":86,"column":16},"end":{"line":86,"column":82}},"type":"binary-expr","locations":[{"start":{"line":86,"column":16},"end":{"line":86,"column":47}},{"start":{"line":86,"column":51},"end":{"line":86,"column":82}}],"line":86},"1":{"loc":{"start":{"line":162,"column":2},"end":{"line":162,"column":49}},"type":"if","locations":[{"start":{"line":162,"column":2},"end":{"line":162,"column":49}},{"start":{"line":162,"column":2},"end":{"line":162,"column":49}}],"line":162}},"s":{"0":14,"1":14,"2":14,"3":14,"4":14,"5":14,"6":14,"7":59,"8":14,"9":53,"10":4,"11":49,"12":49,"13":14,"14":4,"15":14,"16":14},"f":{"0":59,"1":53,"2":4},"b":{"0":[59,58],"1":[4,49]},"_coverageSchema":"1a1c01bbd47fc00a2c39e90264f33305004495a9","hash":"c841ba178bd0333e40550af964a653d95e8d88a0"}
,"C:\\Users\\Dell\\Desktop\\Spotify-Backend\\routes\\albumRoutes.js": {"path":"C:\\Users\\Dell\\Desktop\\Spotify-Backend\\routes\\albumRoutes.js","statementMap":{"0":{"start":{"line":10,"column":16},"end":{"line":10,"column":34}},"1":{"start":{"line":11,"column":15},"end":{"line":11,"column":31}},"2":{"start":{"line":17,"column":24},"end":{"line":17,"column":67}},"3":{"start":{"line":23,"column":23},"end":{"line":23,"column":65}},"4":{"start":{"line":39,"column":0},"end":{"line":41,"column":39}},"5":{"start":{"line":51,"column":0},"end":{"line":53,"column":35}},"6":{"start":{"line":62,"column":0},"end":{"line":64,"column":40}},"7":{"start":{"line":74,"column":0},"end":{"line":76,"column":38}},"8":{"start":{"line":78,"column":0},"end":{"line":78,"column":23}}},"fnMap":{},"branchMap":{},"s":{"0":10,"1":10,"2":10,"3":10,"4":10,"5":10,"6":10,"7":10,"8":10},"f":{},"b":{},"_coverageSchema":"1a1c01bbd47fc00a2c39e90264f33305004495a9","hash":"1e6c0aafcdd45e515b739af77b40141cd98ae4d5"}
,"C:\\Users\\Dell\\Desktop\\Spotify-Backend\\routes\\artistAlbumRoutes.js": {"path":"C:\\Users\\Dell\\Desktop\\Spotify-Backend\\routes\\artistAlbumRoutes.js","statementMap":{"0":{"start":{"line":10,"column":16},"end":{"line":10,"column":34}},"1":{"start":{"line":16,"column":30},"end":{"line":16,"column":80}},"2":{"start":{"line":22,"column":22},"end":{"line":22,"column":60}},"3":{"start":{"line":28,"column":23},"end":{"line":28,"column":65}},"4":{"start":{"line":34,"column":15},"end":{"line":34,"column":31}},"5":{"start":{"line":42,"column":0},"end":{"line":42,"column":34}},"6":{"start":{"line":50,"column":0},"end":{"line":50,"column":47}},"7":{"start":{"line":60,"column":0},"end":{"line":63,"column":45}},"8":{"start":{"line":73,"column":0},"end":{"line":75,"column":78}},"9":{"start":{"line":77,"column":0},"end":{"line":77,"column":23}}},"fnMap":{},"branchMap":{},"s":{"0":10,"1":10,"2":10,"3":10,"4":10,"5":10,"6":10,"7":10,"8":10,"9":10},"f":{},"b":{},"_coverageSchema":"1a1c01bbd47fc00a2c39e90264f33305004495a9","hash":"79b61cc6c7b4cf178e1f17c24f37a58a478f020b"}
,"C:\\Users\\Dell\\Desktop\\Spotify-Backend\\routes\\artistRoutes.js": {"path":"C:\\Users\\Dell\\Desktop\\Spotify-Backend\\routes\\artistRoutes.js","statementMap":{"0":{"start":{"line":11,"column":16},"end":{"line":11,"column":34}},"1":{"start":{"line":18,"column":32},"end":{"line":18,"column":81}},"2":{"start":{"line":25,"column":15},"end":{"line":25,"column":31}},"3":{"start":{"line":34,"column":0},"end":{"line":36,"column":42}},"4":{"start":{"line":46,"column":0},"end":{"line":48,"column":41}},"5":{"start":{"line":58,"column":0},"end":{"line":60,"column":49}},"6":{"start":{"line":70,"column":0},"end":{"line":72,"column":47}},"7":{"start":{"line":82,"column":0},"end":{"line":84,"column":50}},"8":{"start":{"line":95,"column":0},"end":{"line":97,"column":57}},"9":{"start":{"line":101,"column":0},"end":{"line":101,"column":23}}},"fnMap":{},"branchMap":{},"s":{"0":10,"1":10,"2":10,"3":10,"4":10,"5":10,"6":10,"7":10,"8":10,"9":10},"f":{},"b":{},"_coverageSchema":"1a1c01bbd47fc00a2c39e90264f33305004495a9","hash":"591c1c53c9473d174d7846d852f725d2c7c8676b"}
,"C:\\Users\\Dell\\Desktop\\Spotify-Backend\\routes\\categoryRoutes.js": {"path":"C:\\Users\\Dell\\Desktop\\Spotify-Backend\\routes\\categoryRoutes.js","statementMap":{"0":{"start":{"line":16,"column":16},"end":{"line":16,"column":34}},"1":{"start":{"line":18,"column":15},"end":{"line":18,"column":31}},"2":{"start":{"line":24,"column":27},"end":{"line":24,"column":73}},"3":{"start":{"line":30,"column":23},"end":{"line":30,"column":65}},"4":{"start":{"line":47,"column":0},"end":{"line":49,"column":43}},"5":{"start":{"line":59,"column":0},"end":{"line":61,"column":46}},"6":{"start":{"line":63,"column":0},"end":{"line":63,"column":23}}},"fnMap":{},"branchMap":{},"s":{"0":10,"1":10,"2":10,"3":10,"4":10,"5":10,"6":10},"f":{},"b":{},"_coverageSchema":"1a1c01bbd47fc00a2c39e90264f33305004495a9","hash":"9fb964f728b20e54742ff72dc80250a6bd5eefe7"}
,"C:\\Users\\Dell\\Desktop\\Spotify-Backend\\routes\\playerRoutes.js": {"path":"C:\\Users\\Dell\\Desktop\\Spotify-Backend\\routes\\playerRoutes.js","statementMap":{"0":{"start":{"line":10,"column":16},"end":{"line":10,"column":34}},"1":{"start":{"line":16,"column":15},"end":{"line":16,"column":31}},"2":{"start":{"line":22,"column":25},"end":{"line":22,"column":67}},"3":{"start":{"line":33,"column":0},"end":{"line":35,"column":45}},"4":{"start":{"line":46,"column":0},"end":{"line":48,"column":45}},"5":{"start":{"line":59,"column":0},"end":{"line":61,"column":42}},"6":{"start":{"line":63,"column":0},"end":{"line":63,"column":23}}},"fnMap":{},"branchMap":{},"s":{"0":10,"1":10,"2":10,"3":10,"4":10,"5":10,"6":10},"f":{},"b":{},"_coverageSchema":"1a1c01bbd47fc00a2c39e90264f33305004495a9","hash":"e884cb81c780ab9d5046e44d1100a4f21df64eaa"}
,"C:\\Users\\Dell\\Desktop\\Spotify-Backend\\routes\\playlistRoutes.js": {"path":"C:\\Users\\Dell\\Desktop\\Spotify-Backend\\routes\\playlistRoutes.js","statementMap":{"0":{"start":{"line":10,"column":16},"end":{"line":10,"column":34}},"1":{"start":{"line":12,"column":15},"end":{"line":12,"column":31}},"2":{"start":{"line":18,"column":27},"end":{"line":18,"column":73}},"3":{"start":{"line":24,"column":23},"end":{"line":24,"column":65}},"4":{"start":{"line":40,"column":0},"end":{"line":42,"column":44}},"5":{"start":{"line":52,"column":0},"end":{"line":54,"column":41}},"6":{"start":{"line":64,"column":0},"end":{"line":66,"column":43}},"7":{"start":{"line":76,"column":0},"end":{"line":78,"column":44}},"8":{"start":{"line":80,"column":0},"end":{"line":80,"column":23}}},"fnMap":{},"branchMap":{},"s":{"0":10,"1":10,"2":10,"3":10,"4":10,"5":10,"6":10,"7":10,"8":10},"f":{},"b":{},"_coverageSchema":"1a1c01bbd47fc00a2c39e90264f33305004495a9","hash":"52889ba77f30103bdad051b6841bdfd9c8a0bbcb"}
,"C:\\Users\\Dell\\Desktop\\Spotify-Backend\\routes\\trackRoutes.js": {"path":"C:\\Users\\Dell\\Desktop\\Spotify-Backend\\routes\\trackRoutes.js","statementMap":{"0":{"start":{"line":10,"column":16},"end":{"line":10,"column":34}},"1":{"start":{"line":12,"column":15},"end":{"line":12,"column":31}},"2":{"start":{"line":18,"column":24},"end":{"line":18,"column":67}},"3":{"start":{"line":24,"column":23},"end":{"line":24,"column":65}},"4":{"start":{"line":42,"column":0},"end":{"line":44,"column":35}},"5":{"start":{"line":53,"column":0},"end":{"line":55,"column":33}},"6":{"start":{"line":65,"column":0},"end":{"line":67,"column":44}},"7":{"start":{"line":69,"column":0},"end":{"line":69,"column":23}}},"fnMap":{},"branchMap":{},"s":{"0":10,"1":10,"2":10,"3":10,"4":10,"5":10,"6":10,"7":10},"f":{},"b":{},"_coverageSchema":"1a1c01bbd47fc00a2c39e90264f33305004495a9","hash":"5a571d922a4ef9d2b800bb32d2ad0fa3c40d0d10"}
[...]
},"loc":{"start":{"line":165,"column":71},"end":{"line":183,"column":3}},"line":165},"7":{"name":"(anonymous_7)","decl":{"start":{"line":191,"column":2},"end":{"line":191,"column":3}},"loc":{"start":{"line":191,"column":65},"end":{"line":206,"column":3}},"line":191},"8":{"name":"(anonymous_8)","decl":{"start":{"line":214,"column":2},"end":{"line":214,"column":3}},"loc":{"start":{"line":214,"column":54},"end":{"line":228,"column":3}},"line":214},"9":{"name":"(anonymous_9)","decl":{"start":{"line":236,"column":2},"end":{"line":236,"column":3}},"loc":{"start":{"line":236,"column":55},"end":{"line":250,"column":3}},"line":236}},"branchMap":{"0":{"loc":{"start":{"line":62,"column":4},"end":{"line":64,"column":5}},"type":"if","locations":[{"start":{"line":62,"column":4},"end":{"line":64,"column":5}},{"start":{"line":62,"column":4},"end":{"line":64,"column":5}}],"line":62},"1":{"loc":{"start":{"line":62,"column":8},"end":{"line":62,"column":51}},"type":"binary-expr","locations":[{"start":{"line":62,"column":8},"end":{"line":62,"column":17}},{"start":{"line":62,"column":21},"end":{"line":62,"column":51}}],"line":62},"2":{"loc":{"start":{"line":65,"column":4},"end":{"line":67,"column":5}},"type":"if","locations":[{"start":{"line":65,"column":4},"end":{"line":67,"column":5}},{"start":{"line":65,"column":4},"end":{"line":67,"column":5}}],"line":65},"3":{"loc":{"start":{"line":84,"column":4},"end":{"line":86,"column":5}},"type":"if","locations":[{"start":{"line":84,"column":4},"end":{"line":86,"column":5}},{"start":{"line":84,"column":4},"end":{"line":86,"column":5}}],"line":84},"4":{"loc":{"start":{"line":84,"column":8},"end":{"line":84,"column":51}},"type":"binary-expr","locations":[{"start":{"line":84,"column":8},"end":{"line":84,"column":17}},{"start":{"line":84,"column":21},"end":{"line":84,"column":51}}],"line":84},"5":{"loc":{"start":{"line":88,"column":4},"end":{"line":90,"column":5}},"type":"if","locations":[{"start":{"line":88,"column":4},"end":{"line":90,"column":5}},{"start":{"line":88,"column":4},"end":{"line":90,"column":5}}],"line":88},"6":{"loc":{"start":{"line":110,"column":4},"end":{"line":112,"column":5}},"type":"if","locations":[{"start":{"line":110,"column":4},"end":{"line":112,"column":5}},{"start":{"line":110,"column":4},"end":{"line":112,"column":5}}],"line":110},"7":{"loc":{"start":{"line":110,"column":8},"end":{"line":110,"column":51}},"type":"binary-expr","locations":[{"start":{"line":110,"column":8},"end":{"line":110,"column":17}},{"start":{"line":110,"column":21},"end":{"line":110,"column":51}}],"line":110},"8":{"loc":{"start":{"line":114,"column":4},"end":{"line":116,"column":5}},"type":"if","locations":[{"start":{"line":114,"column":4},"end":{"line":116,"column":5}},{"start":{"line":114,"column":4},"end":{"line":116,"column":5}}],"line":114},"9":{"loc":{"start":{"line":147,"column":4},"end":{"line":154,"column":5}},"type":"if","locations":[{"start":{"line":147,"column":4},"end":{"line":154,"column":5}},{"start":{"line":147,"column":4},"end":{"line":154,"column":5}}],"line":147},"10":{"loc":{"start":{"line":168,"column":4},"end":{"line":170,"column":5}},"type":"if","locations":[{"start":{"line":168,"column":4},"end":{"line":170,"column":5}},{"start":{"line":168,"column":4},"end":{"line":170,"column":5}}],"line":168},"11":{"loc":{"start":{"line":171,"column":4},"end":{"line":182,"column":5}},"type":"if","locations":[{"start":{"line":171,"column":4},"end":{"line":182,"column":5}},{"start":{"line":171,"column":4},"end":{"line":182,"column":5}}],"line":171},"12":{"loc":{"start":{"line":195,"column":4},"end":{"line":205,"column":5}},"type":"if","locations":[{"start":{"line":195,"column":4},"end":{"line":205,"column":5}},{"start":{"line":195,"column":4},"end":{"line":205,"column":5}}],"line":195},"13":{"loc":{"start":{"line":197,"column":11},"end":{"line":205,"column":5}},"type":"if","locations":[{"start":{"line":197,"column":11},"end":{"line":205,"column":5}},{"start":{"line":197,"column":11},"end":{"line":205,"column":5}}],"line":197},"14":{"loc":{"start":{"line":218,"column":4},"end":{"line":227,"column":5}},"type":"if","locations":[{"start":{"line":218,"column":4},"end":{"line":227,"column":5}},{"start":{"line":218,"column":4},"end":{"line":227,"column":5}}],"line":218},"15":{"loc":{"start":{"line":240,"column":4},"end":{"line":249,"column":5}},"type":"if","locations":[{"start":{"line":240,"column":4},"end":{"line":249,"column":5}},{"start":{"line":240,"column":4},"end":{"line":249,"column":5}}],"line":240}},"s":{"0":14,"1":14,"2":14,"3":14,"4":14,"5":70,"6":70,"7":8,"8":3,"9":8,"10":5,"11":3,"12":3,"13":3,"14":2,"15":0,"16":2,"17":2,"18":0,"19":0,"20":0,"21":0,"22":2,"23":0,"24":2,"25":2,"26":0,"27":0,"28":0,"29":0,"30":1,"31":1,"32":1,"33":2,"34":2,"35":1,"36":1,"37":1,"38":1,"39":3,"40":3,"41":1,"42":2,"43":1,"44":1,"45":1,"46":1,"47":1,"48":1,"49":1,"50":2,"51":1,"52":1,"53":1,"54":0,"55":0,"56":0,"57":0,"58":0,"59":0,"60":2,"61":1,"62":1,"63":1,"64":0,"65":0,"66":0,"67":0,"68":2,"69":1,"70":1,"71":1,"72":0,"73":0,"74":0,"75":0,"76":14},"f":{"0":70,"1":8,"2":2,"3":2,"4":1,"5":2,"6":3,"7":2,"8":2,"9":2},"b":{"0":[3,5],"1":[8,8],"2":[5,3],"3":[0,2],"4":[2,2],"5":[2,0],"6":[0,2],"7":[2,2],"8":[2,0],"9":[1,1],"10":[1,2],"11":[1,1],"12":[1,0],"13":[0,0],"14":[1,0],"15":[1,0]},"_coverageSchema":"1a1c01bbd47fc00a2c39e90264f33305004495a9","hash":"b95f37f58794fb5dfc31907ca44134558b830304"}
,"C:\\Users\\Dell\\Desktop\\Spotify-Backend\\utils\\apiFeatures.js": {"path":"C:\\Users\\Dell\\Desktop\\Spotify-Backend\\utils\\apiFeatures.js","statementMap":{"0":{"start":{"line":11,"column":4},"end":{"line":11,"column":22}},"1":{"start":{"line":12,"column":4},"end":{"line":12,"column":34}},"2":{"start":{"line":22,"column":21},"end":{"line":22,"column":44}},"3":{"start":{"line":23,"column":27},"end":{"line":23,"column":62}},"4":{"start":{"line":24,"column":4},"end":{"line":24,"column":53}},"5":{"start":{"line":24,"column":33},"end":{"line":24,"column":52}},"6":{"start":{"line":26,"column":19},"end":{"line":26,"column":43}},"7":{"start":{"line":29,"column":4},"end":{"line":29,"column":77}},"8":{"start":{"line":29,"column":65},"end":{"line":29,"column":76}},"9":{"start":{"line":30,"column":4},"end":{"line":30,"column":54}},"10":{"start":{"line":33,"column":4},"end":{"line":33,"column":15}},"11":{"start":{"line":43,"column":4},"end":{"line":46,"column":5}},"12":{"start":{"line":44,"column":21},"end":{"line":44,"column":63}},"13":{"start":{"line":45,"column":6},"end":{"line":45,"column":42}},"14":{"start":{"line":47,"column":4},"end":{"line":47,"column":15}},"15":{"start":{"line":57,"column":4},"end":{"line":62,"column":5}},"16":{"start":{"line":58,"column":21},"end":{"line":58,"column":65}},"17":{"start":{"line":59,"column":6},"end":{"line":59,"column":44}},"18":{"start":{"line":61,"column":6},"end":{"line":61,"column":44}},"19":{"start":{"line":63,"column":4},"end":{"line":63,"column":15}},"20":{"start":{"line":73,"column":4},"end":{"line":90,"column":5}},"21":{"start":{"line":74,"column":21},"end":{"line":74,"column":65}},"22":{"start":{"line":75,"column":6},"end":{"line":83,"column":7}},"23":{"start":{"line":76,"column":8},"end":{"line":76,"column":46}},"24":{"start":{"line":77,"column":8},"end":{"line":80,"column":10}},"25":{"start":{"line":82,"column":8},"end":{"line":82,"column":46}},"26":{"start":{"line":85,"column":6},"end":{"line":85,"column":58}},"27":{"start":{"line":86,"column":6},"end":{"line":89,"column":8}},"28":{"start":{"line":91,"column":4},"end":{"line":91,"column":15}},"29":{"start":{"line":101,"column":4},"end":{"line":139,"column":5}},"30":{"start":{"line":102,"column":21},"end":{"line":102,"column":65}},"31":{"start":{"line":104,"column":6},"end":{"line":134,"column":7}},"32":{"start":{"line":105,"column":8},"end":{"line":123,"column":9}},"33":{"start":{"line":106,"column":24},"end":{"line":106,"column":47}},"34":{"start":{"line":107,"column":22},"end":{"line":107,"column":41}},"35":{"start":{"line":108,"column":34},"end":{"line":108,"column":66}},"36":{"start":{"line":109,"column":30},"end":{"line":109,"column":56}},"37":{"start":{"line":111,"column":10},"end":{"line":121,"column":11}},"38":{"start":{"line":112,"column":12},"end":{"line":115,"column":14}},"39":{"start":{"line":117,"column":12},"end":{"line":120,"column":14}},"40":{"start":{"line":122,"column":10},"end":{"line":122,"column":53}},"41":{"start":{"line":125,"column":8},"end":{"line":131,"column":9}},"42":{"start":{"line":126,"column":10},"end":{"line":130,"column":12}},"43":{"start":{"line":133,"column":8},"end":{"line":133,"column":46}},"44":{"start":{"line":136,"column":6},"end":{"line":136,"column":59}},"45":{"start":{"line":137,"column":6},"end":{"line":137,"column":69}},"46":{"start":{"line":138,"column":6},"end":{"line":138,"column":131}},"47":{"start":{"line":140,"column":4},"end":{"line":140,"column":15}},"48":{"start":{"line":150,"column":17},"end":{"line":150,"column":47}},"49":{"start":{"line":151,"column":18},"end":{"line":151,"column":49}},"50":{"start":{"line":152,"column":17},"end":{"line":152,"column":35}},"51":{"start":{"line":154,"column":4},"end":{"line":154,"column":51}},"52":{"start":{"line":155,"column":4},"end":{"line":155,"column":15}},"53":{"start":{"line":159,"column":0},"end":{"line":159,"column":28}}},"fnMap":{"0":{"name":"(anonymous_0)","decl":{"start":{"line":10,"column":2},"end":{"line":10,"column":3}},"loc":{"start":{"line":10,"column":35},"end":{"line":13,"column":3}},"line":10},"1":{"name":"(anonymous_1)","decl":{"start":{"line":21,"column":2},"end":{"line":21,"column":3}},"loc":{"start":{"line":21,"column":12},"end":{"line":34,"column":3}},"line":21},"2":{"name":"(anonymous_2)","decl":{"start":{"line":24,"column":27},"end":{"line":24,"column":28}},"loc":{"start":{"line":24,"column":33},"end":{"line":24,"column":52}},"line":24},"3":{"name":"(anonymous_3)","decl":{"start":{"line":29,"column":56},"end":{"line":29,"column":57}},"loc":{"start":{"line":29,"column":65},"end":{"line":29,"column":76}},"line":29},"4":{"name":"(anonymous_4)","decl":{"start":{"line":42,"column":2},"end":{"line":42,"column":3}},"loc":{"start":{"line":42,"column":10},"end":{"line":48,"column":3}},"line":42},"5":{"name":"(anonymous_5)","decl":{"start":{"line":56,"column":2},"end":{"line":56,"column":3}},"loc":{"start":{"line":56,"column":17},"end":{"line":64,"column":3}},"line":56},"6":{"name":"(anonymous_6)","decl":{"start":{"line":72,"column":2},"end":{"line":72,"column":3}},"loc":{"start":{"line":72,"column":25},"end":{"line":92,"column":3}},"line":72},"7":{"name":"(anonymous_7)","decl":{"start":{"line":100,"column":2},"end":{"line":100,"column":3}},"loc":{"start":{"line":100,"column":23},"end":{"line":141,"column":3}},"line":100},"8":{"name":"(anonymous_8)","decl":{"start":{"line":149,"column":2},"end":{"line":149,"column":3}},"loc":{"start":{"line":149,"column":14},"end":{"line":156,"column":3}},"line":149}},"branchMap":{"0":{"loc":{"start":{"line":43,"column":4},"end":{"line":46,"column":5}},"type":"if","locations":[{"start":{"line":43,"column":4},"end":{"line":46,"column":5}},{"start":{"line":43,"column":4},"end":{"line":46,"column":5}}],"line":43},"1":{"loc":{"start":{"line":57,"column":4},"end":{"line":62,"column":5}},"type":"if","locations":[{"start":{"line":57,"column":4},"end":{"line":62,"column":5}},{"start":{"line":57,"column":4},"end":{"line":62,"column":5}}],"line":57},"2":{"loc":{"start":{"line":73,"column":4},"end":{"line":90,"column":5}},"type":"if","locations":[{"start":{"line":73,"column":4},"end":{"line":90,"column":5}},{"start":{"line":73,"column":4},"end":{"line":90,"column":5}}],"line":73},"3":{"loc":{"start":{"line":75,"column":6},"end":{"line":83,"column":7}},"type":"if","locations":[{"start":{"line":75,"column":6},"end":{"line":83,"column":7}},{"start":{"line":75,"column":6},"end":{"line":83,"column":7}}],"line":75},"4":{"loc":{"start":{"line":101,"column":4},"end":{"line":139,"column":5}},"type":"if","locations":[{"start":{"line":101,"column":4},"end":{"line":139,"column":5}},{"start":{"line":101,"column":4},"end":{"line":139,"column":5}}],"line":101},"5":{"loc":{"start":{"line":104,"column":6},"end":{"line":134,"column":7}},"type":"if","locations":[{"start":{"line":104,"column":6},"end":{"line":134,"column":7}},{"start":{"line":104,"column":6},"end":{"line":134,"column":7}}],"line":104},"6":{"loc":{"start":{"line":104,"column":10},"end":{"line":104,"column":64}},"type":"binary-expr","locations":[{"start":{"line":104,"column":10},"end":{"line":104,"column":34}},{"start":{"line":104,"column":38},"end":{"line":104,"column":64}}],"line":104},"7":{"loc":{"start":{"line":105,"column":8},"end":{"line":123,"column":9}},"type":"if","locations":[{"start":{"line":105,"column":8},"end":{"line":123,"column":9}},{"start":{"line":105,"column":8},"end":{"line":123,"column":9}}],"line":105},"8":{"loc":{"start":{"line":111,"column":10},"end":{"line":121,"column":11}},"type":"if","locations":[{"start":{"line":111,"column":10},"end":{"line":121,"column":11}},{"start":{"line":111,"column":10},"end":{"line":121,"column":11}}],"line":111},"9":{"loc":{"start":{"line":125,"column":8},"end":{"line":131,"column":9}},"type":"if","locations":[{"start":{"line":125,"column":8},"end":{"line":131,"column":9}},{"start":{"line":125,"column":8},"end":{"line":131,"column":9}}],"line":125},"10":{"loc":{"start":{"line":150,"column":17},"end":{"line":150,"column":47}},"type":"binary-expr","locations":[{"start":{"line":150,"column":17},"end":{"line":150,"column":42}},{"start":{"line":150,"column":46},"end":{"line":150,"column":47}}],"line":150},"11":{"loc":{"start":{"line":151,"column":18},"end":{"line":151,"column":49}},"type":"binary-expr","locations":[{"start":{"line":151,"column":18},"end":{"line":151,"column":44}},{"start":{"line":151,"column":48},"end":{"line":151,"column":49}}],"line":151}},"s":{"0":19,"1":19,"2":0,"3":0,"4":0,"5":0,"6":0,"7":0,"8":0,"9":0,"10":0,"11":4,"12":4,"13":4,"14":4,"15":1,"16":0,"17":0,"18":1,"19":1,"20":7,"21":0,"22":0,"23":0,"24":0,"25":0,"26":7,"27":7,"28":7,"29":6,"30":0,"31":0,"32":0,"33":0,"34":0,"35":0,"36":0,"37":0,"38":0,"39":0,"40":0,"41":0,"42":0,"43":0,"44":6,"45":6,"46":6,"47":6,"48":9,"49":9,"50":9,"51":9,"52":9,"53":11},"f":{"0":19,"1":0,"2":0,"3":0,"4":4,"5":1,"6":7,"7":6,"8":9},"b":{"0":[4,0],"1":[0,1],"2":[0,7],"3":[0,0],"4":[0,6],"5":[0,0],"6":[0,0],"7":[0,0],"8":[0,0],"9":[0,0],"10":[9,9],"11":[9,9]},"_coverageSchema":"1a1c01bbd47fc00a2c39e90264f33305004495a9","hash":"90c481be3483c0f44bf5fa0d2b428f8071b1cad1"}
,"C:\\Users\\Dell\\Desktop\\Spotify-Backend\\utils\\appError.js": {"path":"C:\\Users\\Dell\\Desktop\\Spotify-Backend\\utils\\appError.js","statementMap":{"0":{"start":{"line":12,"column":4},"end":{"line":12,"column":18}},"1":{"start":{"line":13,"column":4},"end":{"line":13,"column":32}},"2":{"start":{"line":14,"column":4},"end":{"line":14,"column":68}},"3":{"start":{"line":15,"column":4},"end":{"line":15,"column":29}},"4":{"start":{"line":19,"column":0},"end":{"line":19,"column":25}}},"fnMap":{"0":{"name":"(anonymous_0)","decl":{"start":{"line":11,"column":2},"end":{"line":11,"column":3}},"loc":{"start":{"line":11,"column":36},"end":{"line":16,"column":3}},"line":11}},"branchMap":{"0":{"loc":{"start":{"line":14,"column":18},"end":{"line":14,"column":68}},"type":"cond-expr","locations":[{"start":{"line":14,"column":52},"end":{"line":14,"column":58}},{"start":{"line":14,"column":61},"end":{"line":14,"column":68}}],"line":14}},"s":{"0":33,"1":33,"2":33,"3":33,"4":14},"f":{"0":33},"b":{"0":[33,0]},"_coverageSchema":"1a1c01bbd47fc00a2c39e90264f33305004495a9","hash":"b14f2b2a24412246415f0e9fbc3e8647344e2960"}
,"C:\\Users\\Dell\\Desktop\\Spotify-Backend\\utils\\catchAsync.js": {"path":"C:\\Users\\Dell\\Desktop\\Spotify-Backend\\utils\\catchAsync.js","statementMap":{"0":{"start":{"line":19,"column":0},"end":{"line":23,"column":1}},"1":{"start":{"line":20,"column":2},"end":{"line":22,"column":3}},"2":{"start":{"line":21,"column":4},"end":{"line":21,"column":34}}},"fnMap":{"0":{"name":"(anonymous_0)","decl":{"start":{"line":19,"column":17},"end":{"line":19,"column":18}},"loc":{"start":{"line":19,"column":23},"end":{"line":23,"column":1}},"line":19},"1":{"name":"(anonymous_1)","decl":{"start":{"line":20,"column":9},"end":{"line":20,"column":10}},"loc":{"start":{"line":20,"column":29},"end":{"line":22,"column":3}},"line":20}},"branchMap":{},"s":{"0":11,"1":402,"2":56},"f":{"0":402,"1":56},"b":{},"_coverageSchema":"1a1c01bbd47fc00a2c39e90264f33305004495a9","hash":"a43e38cc6c4e9ddf67baa4fd1cbdc0818d03b10e"}
,"C:\\Users\\Dell\\Desktop\\Spotify-Backend\\utils\\pagination.js": {"path":"C:\\Users\\Dell\\Desktop\\Spotify-Backend\\utils\\pagination.js","statementMap":{"0":{"start":{"line":8,"column":15},"end":{"line":8,"column":32}},"1":{"start":{"line":9,"column":0},"end":{"line":9,"column":31}},"2":{"start":{"line":19,"column":0},"end":{"line":49,"column":1}},"3":{"start":{"line":20,"column":15},"end":{"line":20,"column":48}},"4":{"start":{"line":21,"column":16},"end":{"line":21,"column":50}},"5":{"start":{"line":23,"column":21},"end":{"line":23,"column":39}},"6":{"start":{"line":24,"column":19},"end":{"line":24,"column":31}},"7":{"start":{"line":25,"column":12},"end":{"line":25,"column":27}},"8":{"start":{"line":26,"column":2},"end":{"line":29,"column":3}},"9":{"start":{"line":27,"column":16},"end":{"line":27,"column":48}},"10":{"start":{"line":28,"column":4},"end":{"line":28,"column":47}},"11":{"start":{"line":31,"column":18},"end":{"line":31,"column":20}},"12":{"start":{"line":32,"column":2},"end":{"line":36,"column":3}},"13":{"start":{"line":33,"column":4},"end":{"line":33,"column":81}},"14":{"start":{"line":35,"column":4},"end":{"line":35,"column":23}},"15":{"start":{"line":38,"column":2},"end":{"line":42,"column":3}},"16":{"start":{"line":39,"column":4},"end":{"line":39,"column":85}},"17":{"start":{"line":41,"column":4},"end":{"line":41,"column":27}},"18":{"start":{"line":44,"column":2},"end":{"line":44,"column":47}},"19":{"start":{"line":45,"column":2},"end":{"line":45,"column":23}},"20":{"start":{"line":46,"column":2},"end":{"line":46,"column":23}},"21":{"start":{"line":47,"column":2},"end":{"line":47,"column":23}},"22":{"start":{"line":48,"column":2},"end":{"line":48,"column":16}}},"fnMap":{"0":{"name":"(anonymous_0)","decl":{"start":{"line":19,"column":17},"end":{"line":19,"column":18}},"loc":{"start":{"line":19,"column":45},"end":{"line":49,"column":1}},"line":19}},"branchMap":{"0":{"loc":{"start":{"line":20,"column":24},"end":{"line":20,"column":47}},"type":"binary-expr","locations":[{"start":{"line":20,"column":24},"end":{"line":20,"column":42}},{"start":{"line":20,"column":46},"end":{"line":20,"column":47}}],"line":20},"1":{"loc":{"start":{"line":21,"column":25},"end":{"line":21,"column":49}},"type":"binary-expr","locations":[{"start":{"line":21,"column":25},"end":{"line":21,"column":44}},{"start":{"line":21,"column":48},"end":{"line":21,"column":49}}],"line":21},"2":{"loc":{"start":{"line":26,"column":2},"end":{"line":29,"column":3}},"type":"if","locations":[{"start":{"line":26,"column":2},"end":{"line":29,"column":3}},{"start":{"line":26,"column":2},"end":{"line":29,"column":3}}],"line":26},"3":{"loc":{"start":{"line":32,"column":2},"end":{"line":36,"column":3}},"type":"if","locations":[{"start":{"line":32,"column":2},"end":{"line":36,"column":3}},{"start":{"line":32,"column":2},"end":{"line":36,"column":3}}],"line":32},"4":{"loc":{"start":{"line":38,"column":2},"end":{"line":42,"column":3}},"type":"if","locations":[{"start":{"line":38,"column":2},"end":{"line":42,"column":3}},{"start":{"line":38,"column":2},"end":{"line":42,"column":3}}],"line":38}},"s":{"0":1,"1":1,"2":1,"3":3,"4":3,"5":3,"6":3,"7":3,"8":3,"9":1,"10":1,"11":3,"12":3,"13":2,"14":1,"15":3,"16":2,"17":1,"18":3,"19":3,"20":3,"21":3,"22":3},"f":{"0":3},"b":{"0":[3,1],"1":[3,1],"2":[1,2],"3":[2,1],"4":[2,1]},"_coverageSchema":"1a1c01bbd47fc00a2c39e90264f33305004495a9","hash":"a287f5c0f0292dfaf834b5a814e163794f620910"}
}
