TN:
SF:app.js
FN:34,(anonymous_0)
FNF:1
FNH:0
FNDA:0,(anonymous_0)
DA:1,10
DA:2,10
DA:3,10
DA:4,10
DA:5,10
DA:7,10
DA:13,10
DA:14,10
DA:15,10
DA:16,10
DA:17,10
DA:18,10
DA:19,10
DA:20,10
DA:23,10
DA:24,10
DA:25,10
DA:26,10
DA:27,10
DA:28,10
DA:29,10
DA:30,10
DA:34,10
DA:35,0
DA:39,10
DA:41,10
LF:26
LH:25
BRF:0
BRH:0
end_of_record
TN:
SF:passport.js
FN:25,(anonymous_0)
FNF:1
FNH:0
FNDA:0,(anonymous_0)
DA:5,10
DA:7,10
DA:8,10
DA:14,10
DA:20,10
DA:22,10
DA:26,0
DA:28,0
DA:30,0
DA:31,0
DA:35,0
DA:42,0
DA:44,0
DA:46,0
LF:14
LH:6
BRDA:30,0,0,0
BRDA:30,0,1,0
BRDA:37,1,0,0
BRDA:37,1,1,0
BRF:4
BRH:0
end_of_record
TN:
SF:controllers\albumController.js
FN:52,(anonymous_0)
FN:82,(anonymous_1)
FN:110,(anonymous_2)
FN:152,(anonymous_3)
FNF:4
FNH:4
FNDA:2,(anonymous_0)
FNDA:3,(anonymous_1)
FNDA:1,(anonymous_2)
FNDA:2,(anonymous_3)
DA:17,10
DA:23,10
DA:29,10
DA:35,10
DA:41,10
DA:52,10
DA:53,2
DA:54,2
DA:55,2
DA:61,2
DA:62,1
DA:65,1
DA:82,10
DA:83,3
DA:89,3
DA:90,2
DA:93,1
DA:110,10
DA:111,1
DA:113,1
DA:115,1
DA:116,0
DA:119,1
DA:152,10
DA:153,2
DA:154,2
DA:160,2
LF:27
LH:26
BRDA:61,0,0,1
BRDA:61,0,1,1
BRDA:89,1,0,2
BRDA:89,1,1,1
BRDA:115,2,0,0
BRDA:115,2,1,1
BRF:6
BRH:5
end_of_record
TN:
SF:controllers\artistAlbumsController.js
FN:72,(anonymous_0)
FN:107,(anonymous_1)
FN:114,(anonymous_2)
FN:159,(anonymous_3)
FNF:4
FNH:0
FNDA:0,(anonymous_0)
FNDA:0,(anonymous_1)
FNDA:0,(anonymous_2)
FNDA:0,(anonymous_3)
DA:18,10
DA:24,10
DA:30,10
DA:36,10
DA:42,10
DA:48,10
DA:54,10
DA:55,10
DA:61,10
DA:72,10
DA:73,0
DA:75,0
DA:77,0
DA:78,0
DA:79,0
DA:81,0
DA:84,0
DA:85,0
DA:86,0
DA:91,0
DA:107,10
DA:108,0
DA:109,0
DA:110,0
DA:112,0
DA:113,0
DA:114,0
DA:115,0
DA:120,0
DA:124,0
DA:125,0
DA:126,0
DA:129,0
DA:130,0
DA:131,0
DA:133,0
DA:134,0
DA:137,0
DA:138,0
DA:139,0
DA:144,0
DA:159,10
DA:160,0
DA:162,0
DA:168,0
DA:174,0
DA:176,0
LF:47
LH:12
BRDA:73,0,0,0
BRDA:73,0,1,0
BRDA:75,1,0,0
BRDA:75,1,1,0
BRDA:110,2,0,0
BRDA:110,2,1,0
BRDA:112,3,0,0
BRDA:112,3,1,0
BRDA:174,4,0,0
BRDA:174,4,1,0
BRF:10
BRH:0
end_of_record
TN:
SF:controllers\artistViewingController.js
FN:64,(anonymous_0)
FN:97,(anonymous_1)
FN:127,(anonymous_2)
FN:147,(anonymous_3)
FN:167,(anonymous_4)
FN:199,(anonymous_5)
FN:230,(anonymous_6)
FNF:7
FNH:0
FNDA:0,(anonymous_0)
FNDA:0,(anonymous_1)
FNDA:0,(anonymous_2)
FNDA:0,(anonymous_3)
FNDA:0,(anonymous_4)
FNDA:0,(anonymous_5)
FNDA:0,(anonymous_6)
DA:18,10
DA:24,10
DA:30,10
DA:36,10
DA:42,10
DA:48,10
DA:54,10
DA:64,10
DA:65,0
DA:81,0
DA:82,0
DA:97,10
DA:98,0
DA:110,0
DA:112,0
DA:127,10
DA:128,0
DA:129,0
DA:131,0
DA:133,0
DA:147,0
DA:149,0
DA:151,0
DA:167,10
DA:168,0
DA:169,0
DA:171,0
DA:176,0
DA:181,0
DA:183,0
DA:199,10
DA:200,0
DA:201,0
DA:203,0
DA:204,0
DA:210,0
DA:212,0
DA:214,0
DA:230,10
DA:231,0
DA:233,0
DA:241,0
DA:242,0
DA:244,0
LF:44
LH:13
BRDA:110,0,0,0
BRDA:110,0,1,0
BRDA:110,1,0,0
BRDA:110,1,1,0
BRDA:129,2,0,0
BRDA:129,2,1,0
BRDA:129,3,0,0
BRDA:129,3,1,0
BRDA:149,4,0,0
BRDA:149,4,1,0
BRDA:169,5,0,0
BRDA:169,5,1,0
BRDA:169,6,0,0
BRDA:169,6,1,0
BRDA:181,7,0,0
BRDA:181,7,1,0
BRDA:201,8,0,0
BRDA:201,8,1,0
BRDA:201,9,0,0
BRDA:201,9,1,0
BRDA:212,10,0,0
BRDA:212,10,1,0
BRDA:233,11,0,0
BRDA:233,11,1,0
BRDA:233,12,0,0
BRDA:233,12,1,0
BRDA:242,13,0,0
BRDA:242,13,1,0
BRF:28
BRH:0
end_of_record
TN:
SF:controllers\authController.js
FN:43,(anonymous_0)
FN:54,(anonymous_1)
FN:82,(anonymous_2)
FN:101,(anonymous_3)
FN:137,(anonymous_4)
FN:167,(anonymous_5)
FN:168,(anonymous_6)
FN:184,(anonymous_7)
FN:211,(anonymous_8)
FN:241,(anonymous_9)
FN:265,(anonymous_10)
FN:292,(anonymous_11)
FNF:12
FNH:9
FNDA:2,(anonymous_0)
FNDA:8,(anonymous_1)
FNDA:0,(anonymous_2)
FNDA:5,(anonymous_3)
FNDA:6,(anonymous_4)
FNDA:60,(anonymous_5)
FNDA:0,(anonymous_6)
FNDA:1,(anonymous_7)
FNDA:4,(anonymous_8)
FNDA:2,(anonymous_9)
FNDA:1,(anonymous_10)
FNDA:0,(anonymous_11)
DA:16,10
DA:22,10
DA:28,10
DA:34,10
DA:40,10
DA:43,10
DA:44,2
DA:54,10
DA:56,8
DA:65,1
DA:67,1
DA:82,10
DA:84,0
DA:86,0
DA:101,10
DA:102,5
DA:105,5
DA:106,2
DA:110,3
DA:111,3
DA:112,1
DA:114,2
DA:115,2
DA:116,1
DA:120,1
DA:122,1
DA:137,10
DA:141,6
DA:142,4
DA:145,6
DA:146,2
DA:150,4
DA:153,4
DA:154,4
DA:155,0
DA:158,4
DA:159,4
DA:167,10
DA:168,60
DA:170,0
DA:171,0
DA:173,0
DA:184,10
DA:186,1
DA:188,1
DA:211,10
DA:213,4
DA:216,4
DA:217,2
DA:221,2
DA:222,1
DA:226,1
DA:227,1
DA:229,1
DA:241,10
DA:243,2
DA:246,2
DA:247,2
DA:248,2
DA:249,2
DA:250,2
DA:252,1
DA:265,10
DA:267,1
DA:268,1
DA:271,1
DA:272,0
DA:276,1
DA:277,0
DA:281,1
DA:282,1
DA:284,1
DA:285,1
DA:287,1
DA:292,10
DA:293,0
DA:298,0
LF:77
LH:67
BRDA:105,0,0,2
BRDA:105,0,1,3
BRDA:105,1,0,5
BRDA:105,1,1,4
BRDA:111,2,0,1
BRDA:111,2,1,2
BRDA:115,3,0,1
BRDA:115,3,1,1
BRDA:141,4,0,4
BRDA:141,4,1,2
BRDA:141,5,0,6
BRDA:141,5,1,5
BRDA:145,6,0,2
BRDA:145,6,1,4
BRDA:154,7,0,0
BRDA:154,7,1,4
BRDA:170,8,0,0
BRDA:170,8,1,0
BRDA:216,9,0,2
BRDA:216,9,1,2
BRDA:216,10,0,4
BRDA:216,10,1,3
BRDA:221,11,0,1
BRDA:221,11,1,1
BRDA:271,12,0,0
BRDA:271,12,1,1
BRDA:276,13,0,0
BRDA:276,13,1,1
BRF:28
BRH:23
end_of_record
TN:
SF:controllers\categoryController.js
FN:51,(anonymous_0)
FN:84,(anonymous_1)
FNF:2
FNH:2
FNDA:1,(anonymous_0)
FNDA:2,(anonymous_1)
DA:17,10
DA:23,10
DA:29,10
DA:35,10
DA:41,10
DA:51,10
DA:52,1
DA:53,1
DA:54,1
DA:84,10
DA:85,2
DA:87,2
DA:88,1
DA:90,1
DA:91,1
DA:93,1
LF:16
LH:16
BRDA:87,0,0,1
BRDA:87,0,1,1
BRF:2
BRH:2
end_of_record
TN:
SF:controllers\errorController.js
FN:26,(anonymous_0)
FN:36,(anonymous_1)
FN:37,(anonymous_2)
FN:49,(anonymous_3)
FN:57,(anonymous_4)
FN:65,(anonymous_5)
FN:73,(anonymous_6)
FN:88,(anonymous_7)
FN:103,(anonymous_8)
FNF:9
FNH:0
FNDA:0,(anonymous_0)
FNDA:0,(anonymous_1)
FNDA:0,(anonymous_2)
FNDA:0,(anonymous_3)
FNDA:0,(anonymous_4)
FNDA:0,(anonymous_5)
FNDA:0,(anonymous_6)
FNDA:0,(anonymous_7)
FNDA:0,(anonymous_8)
DA:18,10
DA:26,10
DA:27,0
DA:28,0
DA:36,10
DA:37,0
DA:39,0
DA:40,0
DA:49,10
DA:57,10
DA:65,10
DA:73,10
DA:74,0
DA:88,10
DA:89,0
DA:90,0
DA:96,0
DA:103,10
DA:104,0
DA:105,0
DA:106,0
DA:107,0
DA:108,0
DA:109,0
DA:111,0
DA:112,0
DA:113,0
DA:115,0
DA:116,0
DA:117,0
DA:119,0
DA:120,0
DA:121,0
DA:123,0
DA:124,0
DA:125,0
DA:127,0
DA:128,0
DA:129,0
DA:132,0
LF:40
LH:9
BRDA:89,0,0,0
BRDA:89,0,1,0
BRDA:104,1,0,0
BRDA:104,1,1,0
BRDA:105,2,0,0
BRDA:105,2,1,0
BRDA:106,3,0,0
BRDA:106,3,1,0
BRDA:108,4,0,0
BRDA:108,4,1,0
BRDA:111,5,0,0
BRDA:111,5,1,0
BRDA:115,6,0,0
BRDA:115,6,1,0
BRDA:119,7,0,0
BRDA:119,7,1,0
BRDA:123,8,0,0
BRDA:123,8,1,0
BRDA:127,9,0,0
BRDA:127,9,1,0
BRF:20
BRH:0
end_of_record
TN:
SF:controllers\playerController.js
FN:68,(anonymous_0)
FN:104,(anonymous_1)
FNF:2
FNH:2
FNDA:5,(anonymous_0)
FNDA:1,(anonymous_1)
DA:17,11
DA:22,11
DA:28,11
DA:34,11
DA:40,11
DA:41,11
DA:47,11
DA:48,11
DA:53,11
DA:68,11
DA:69,5
DA:71,5
DA:77,5
DA:78,5
DA:79,5
DA:80,5
DA:81,1
DA:83,4
DA:89,4
DA:91,4
DA:92,4
DA:94,4
DA:104,11
DA:105,1
DA:106,1
DA:107,1
DA:108,1
LF:27
LH:27
BRDA:78,0,0,0
BRDA:78,0,1,5
BRDA:80,1,0,1
BRDA:80,1,1,4
BRF:4
BRH:3
end_of_record
TN:
SF:controllers\playlistController.js
FN:58,(anonymous_0)
FN:83,(anonymous_1)
FN:108,(anonymous_2)
FN:150,(anonymous_3)
FNF:4
FNH:4
FNDA:4,(anonymous_0)
FNDA:1,(anonymous_1)
FNDA:1,(anonymous_2)
FNDA:2,(anonymous_3)
DA:17,10
DA:23,10
DA:29,10
DA:35,10
DA:41,10
DA:58,10
DA:59,4
DA:60,4
DA:62,4
DA:63,3
DA:66,1
DA:83,10
DA:84,1
DA:85,1
DA:87,1
DA:88,0
DA:91,1
DA:108,10
DA:109,1
DA:110,1
DA:111,1
DA:113,1
DA:115,1
DA:150,10
DA:151,2
DA:152,2
DA:154,2
LF:27
LH:26
BRDA:62,0,0,3
BRDA:62,0,1,1
BRDA:87,1,0,0
BRDA:87,1,1,1
BRF:4
BRH:3
end_of_record
TN:
SF:controllers\trackController.js
FN:52,(anonymous_0)
FN:79,(anonymous_1)
FN:105,(anonymous_2)
FNF:3
FNH:2
FNDA:2,(anonymous_0)
FNDA:2,(anonymous_1)
FNDA:0,(anonymous_2)
DA:17,10
DA:22,10
DA:23,10
DA:29,10
DA:35,10
DA:41,10
DA:52,10
DA:53,2
DA:54,2
DA:57,2
DA:58,1
DA:62,1
DA:79,10
DA:80,2
DA:81,2
DA:82,2
DA:84,1
DA:85,0
DA:88,1
DA:105,10
DA:106,0
DA:108,0
DA:109,0
DA:110,0
DA:112,0
LF:25
LH:19
BRDA:57,0,0,1
BRDA:57,0,1,1
BRDA:84,1,0,0
BRDA:84,1,1,1
BRDA:109,2,0,0
BRDA:109,2,1,0
BRF:6
BRH:3
end_of_record
TN:
SF:controllers\userController.js
FN:45,(anonymous_0)
FN:69,(anonymous_1)
FN:93,(anonymous_2)
FN:105,(anonymous_3)
FN:117,(anonymous_4)
FN:143,(anonymous_5)
FN:166,(anonymous_6)
FN:191,(anonymous_7)
FNF:8
FNH:0
FNDA:0,(anonymous_0)
FNDA:0,(anonymous_1)
FNDA:0,(anonymous_2)
FNDA:0,(anonymous_3)
FNDA:0,(anonymous_4)
FNDA:0,(anonymous_5)
FNDA:0,(anonymous_6)
FNDA:0,(anonymous_7)
DA:16,10
DA:22,10
DA:23,10
DA:29,10
DA:35,10
DA:36,10
DA:45,10
DA:48,0
DA:49,0
DA:51,0
DA:53,0
DA:57,0
DA:59,0
DA:69,10
DA:72,0
DA:73,0
DA:76,0
DA:77,0
DA:80,0
DA:83,0
DA:93,10
DA:95,0
DA:105,10
DA:107,0
DA:117,10
DA:121,0
DA:122,0
DA:125,0
DA:126,0
DA:127,0
DA:130,0
DA:133,0
DA:143,10
DA:146,0
DA:148,0
DA:149,0
DA:150,0
DA:151,0
DA:153,0
DA:156,0
DA:166,10
DA:169,0
DA:170,0
DA:172,0
DA:173,0
DA:174,0
DA:175,0
DA:178,0
DA:181,0
DA:191,10
DA:195,0
DA:197,0
DA:198,0
DA:199,0
DA:201,0
DA:204,0
DA:208,10
DA:211,10
DA:221,10
DA:222,10
LF:60
LH:18
BRDA:72,0,0,0
BRDA:72,0,1,0
BRF:2
BRH:0
end_of_record
TN:
SF:models\albumModel.js
FNF:0
FNH:0
DA:8,11
DA:30,11
DA:99,11
DA:101,11
LF:4
LH:4
BRF:0
BRH:0
end_of_record
TN:
SF:models\categoryModel.js
FNF:0
FNH:0
DA:7,10
DA:17,10
DA:30,10
DA:32,10
LF:4
LH:4
BRF:0
BRH:0
end_of_record
TN:
SF:models\contextModel.js
FNF:0
FNH:0
DA:6,11
DA:21,11
DA:44,11
DA:46,11
LF:4
LH:4
BRF:0
BRH:0
end_of_record
TN:
SF:models\playHistoryModel.js
FN:45,(anonymous_0)
FN:58,(anonymous_1)
FNF:2
FNH:2
FNDA:6,(anonymous_0)
FNDA:2,(anonymous_1)
DA:5,11
DA:17,11
DA:45,11
DA:46,6
DA:47,6
DA:48,6
DA:58,11
DA:59,2
DA:62,11
DA:64,11
LF:10
LH:10
BRF:0
BRH:0
end_of_record
TN:
SF:models\playerModel.js
FN:40,(anonymous_0)
FNF:1
FNH:0
FNDA:0,(anonymous_0)
DA:5,11
DA:17,11
DA:40,11
DA:41,0
DA:42,0
DA:45,11
DA:47,11
LF:7
LH:5
BRF:0
BRH:0
end_of_record
TN:
SF:models\playlistModel.js
FNF:0
FNH:0
DA:7,11
DA:31,11
DA:125,11
DA:127,11
LF:4
LH:4
BRF:0
BRH:0
end_of_record
TN:
SF:models\trackModel.js
FNF:0
FNH:0
DA:8,11
DA:34,11
DA:88,11
DA:90,11
LF:4
LH:4
BRF:0
BRH:0
end_of_record
TN:
SF:models\userModel.js
FN:85,(anonymous_0)
FN:160,(anonymous_1)
FN:176,(anonymous_2)
FNF:3
FNH:3
FNDA:59,(anonymous_0)
FNDA:53,(anonymous_1)
FNDA:4,(anonymous_2)
DA:7,14
DA:13,14
DA:19,14
DA:21,14
DA:22,14
DA:55,14
DA:56,14
DA:86,59
DA:160,14
DA:162,53
DA:164,49
DA:166,49
DA:176,14
DA:178,4
DA:181,14
DA:183,14
LF:16
LH:16
BRDA:86,0,0,59
BRDA:86,0,1,58
BRDA:162,1,0,4
BRDA:162,1,1,49
BRF:4
BRH:4
end_of_record
TN:
SF:routes\albumRoutes.js
FNF:0
FNH:0
DA:10,10
DA:11,10
DA:17,10
DA:23,10
DA:39,10
DA:51,10
DA:62,10
DA:74,10
DA:78,10
LF:9
LH:9
BRF:0
BRH:0
end_of_record
TN:
SF:routes\artistAlbumRoutes.js
FNF:0
FNH:0
DA:10,10
DA:16,10
DA:22,10
DA:28,10
DA:34,10
DA:42,10
DA:50,10
DA:60,10
DA:73,10
DA:77,10
LF:10
LH:10
BRF:0
BRH:0
end_of_record
TN:
SF:routes\artistRoutes.js
FNF:0
FNH:0
DA:11,10
DA:18,10
DA:25,10
DA:34,10
DA:46,10
DA:58,10
DA:70,10
DA:82,10
DA:95,10
DA:101,10
LF:10
LH:10
BRF:0
BRH:0
end_of_record
TN:
SF:routes\categoryRoutes.js
FNF:0
FNH:0
DA:16,10
DA:18,10
DA:24,10
DA:30,10
DA:47,10
DA:59,10
DA:63,10
LF:7
LH:7
BRF:0
BRH:0
end_of_record
TN:
SF:routes\playerRoutes.js
FNF:0
FNH:0
DA:10,10
DA:16,10
DA:22,10
DA:33,10
DA:46,10
DA:59,10
DA:63,10
LF:7
LH:7
BRF:0
BRH:0
end_of_record
TN:
SF:routes\playlistRoutes.js
FNF:0
FNH:0
DA:10,10
DA:12,10
DA:18,10
DA:24,10
DA:40,10
DA:52,10
DA:64,10
DA:76,10
DA:80,10
LF:9
LH:9
BRF:0
BRH:0
end_of_record
TN:
SF:routes\trackRoutes.js
FNF:0
FNH:0
DA:10,10
DA:12,10
DA:18,10
DA:24,10
DA:42,10
DA:53,10
DA:65,10
DA:69,10
LF:8
LH:8
BRF:0
BRH:0
end_of_record
TN:
SF:routes\userRouters.js
FNF:0
FNH:0
DA:10,10
DA:17,10
DA:24,10
DA:31,10
DA:38,10
DA:39,10
DA:50,10
DA:61,10
DA:73,10
DA:84,10
DA:95,10
DA:106,10
DA:117,10
DA:128,10
DA:139,10
DA:150,10
DA:161,10
DA:172,10
DA:183,10
DA:194,10
DA:205,10
DA:216,10
DA:218,10
LF:23
LH:23
BRF:0
BRH:0
end_of_record
TN:
SF:services\mailerService.js
FN:24,(anonymous_0)
FN:36,(anonymous_1)
FNF:2
FNH:2
FNDA:11,(anonymous_0)
FNDA:1,(anonymous_1)
DA:11,12
DA:25,11
DA:26,11
DA:38,1
DA:46,1
DA:53,1
DA:57,12
LF:7
LH:7
BRF:0
BRH:0
end_of_record
TN:
SF:services\playerService.js
FN:67,(anonymous_0)
FN:76,(anonymous_1)
FN:89,(anonymous_2)
FN:127,(anonymous_3)
FN:138,(anonymous_4)
FNF:5
FNH:3
FNDA:21,(anonymous_0)
FNDA:0,(anonymous_1)
FNDA:5,(anonymous_2)
FNDA:0,(anonymous_3)
FNDA:5,(anonymous_4)
DA:10,11
DA:16,11
DA:22,11
DA:28,11
DA:34,11
DA:41,11
DA:48,11
DA:54,11
DA:56,11
DA:68,21
DA:77,0
DA:78,0
DA:79,0
DA:90,5
DA:91,5
DA:92,5
DA:93,5
DA:94,1
DA:95,1
DA:96,1
DA:97,1
DA:98,1
DA:99,1
DA:100,1
DA:101,4
DA:102,1
DA:103,1
DA:104,1
DA:105,1
DA:106,1
DA:107,1
DA:108,1
DA:109,3
DA:110,3
DA:111,3
DA:112,3
DA:113,3
DA:114,3
DA:115,3
DA:116,3
DA:118,5
DA:128,0
DA:129,0
DA:130,0
DA:139,5
DA:140,5
DA:141,5
DA:142,2
DA:147,2
DA:152,11
LF:50
LH:44
BRDA:93,0,0,1
BRDA:93,0,1,4
BRDA:95,1,0,0
BRDA:95,1,1,1
BRDA:101,2,0,1
BRDA:101,2,1,3
BRDA:103,3,0,0
BRDA:103,3,1,1
BRDA:109,4,0,3
BRDA:109,4,1,0
BRDA:111,5,0,0
BRDA:111,5,1,3
BRDA:141,6,0,2
BRDA:141,6,1,3
BRF:14
BRH:10
end_of_record
TN:
SF:services\uploadService.js
FN:42,(anonymous_0)
FN:45,(anonymous_1)
FN:63,(anonymous_2)
FN:66,(anonymous_3)
FN:82,(anonymous_4)
FN:98,(anonymous_5)
FNF:6
FNH:0
FNDA:0,(anonymous_0)
FNDA:0,(anonymous_1)
FNDA:0,(anonymous_2)
FNDA:0,(anonymous_3)
FNDA:0,(anonymous_4)
FNDA:0,(anonymous_5)
DA:10,10
DA:16,10
DA:22,10
DA:29,10
DA:30,10
DA:41,10
DA:43,0
DA:46,0
DA:47,0
DA:48,0
DA:49,0
DA:62,10
DA:64,0
DA:67,0
DA:68,0
DA:69,0
DA:70,0
DA:82,10
DA:83,0
DA:84,0
DA:86,0
DA:98,10
DA:99,0
DA:100,0
DA:102,0
DA:111,10
DA:121,10
DA:131,10
DA:139,10
LF:29
LH:13
BRDA:83,0,0,0
BRDA:83,0,1,0
BRDA:99,1,0,0
BRDA:99,1,1,0
BRF:4
BRH:0
end_of_record
TN:
SF:services\userService.js
FN:48,(anonymous_0)
FN:59,(anonymous_1)
FN:81,(anonymous_2)
FN:107,(anonymous_3)
FN:132,(anonymous_4)
FN:144,(anonymous_5)
FN:165,(anonymous_6)
FN:191,(anonymous_7)
FN:214,(anonymous_8)
FN:236,(anonymous_9)
FNF:10
FNH:10
FNDA:70,(anonymous_0)
FNDA:8,(anonymous_1)
FNDA:2,(anonymous_2)
FNDA:2,(anonymous_3)
FNDA:1,(anonymous_4)
FNDA:2,(anonymous_5)
FNDA:3,(anonymous_6)
FNDA:2,(anonymous_7)
FNDA:2,(anonymous_8)
FNDA:2,(anonymous_9)
DA:10,14
DA:17,14
DA:23,14
DA:30,14
DA:36,14
DA:49,70
DA:50,70
DA:62,8
DA:63,3
DA:65,8
DA:66,5
DA:69,3
DA:70,3
DA:71,3
DA:84,2
DA:85,0
DA:88,2
DA:89,2
DA:93,0
DA:94,0
DA:95,0
DA:97,0
DA:110,2
DA:111,0
DA:114,2
DA:115,2
DA:119,0
DA:120,0
DA:121,0
DA:123,0
DA:133,1
DA:134,1
DA:135,1
DA:146,2
DA:147,2
DA:148,1
DA:151,1
DA:152,1
DA:153,1
DA:167,3
DA:168,3
DA:169,1
DA:171,2
DA:172,1
DA:174,1
DA:175,1
DA:177,1
DA:178,1
DA:179,1
DA:181,1
DA:193,2
DA:194,1
DA:195,1
DA:196,1
DA:197,0
DA:198,0
DA:201,0
DA:202,0
DA:203,0
DA:204,0
DA:216,2
DA:217,1
DA:218,1
DA:219,1
DA:221,0
DA:223,0
DA:224,0
DA:226,0
DA:238,2
DA:239,1
DA:240,1
DA:241,1
DA:243,0
DA:245,0
DA:246,0
DA:248,0
DA:253,14
LF:77
LH:53
BRDA:62,0,0,3
BRDA:62,0,1,5
BRDA:62,1,0,8
BRDA:62,1,1,8
BRDA:65,2,0,5
BRDA:65,2,1,3
BRDA:84,3,0,0
BRDA:84,3,1,2
BRDA:84,4,0,2
BRDA:84,4,1,2
BRDA:88,5,0,2
BRDA:88,5,1,0
BRDA:110,6,0,0
BRDA:110,6,1,2
BRDA:110,7,0,2
BRDA:110,7,1,2
BRDA:114,8,0,2
BRDA:114,8,1,0
BRDA:147,9,0,1
BRDA:147,9,1,1
BRDA:168,10,0,1
BRDA:168,10,1,2
BRDA:171,11,0,1
BRDA:171,11,1,1
BRDA:195,12,0,1
BRDA:195,12,1,0
BRDA:197,13,0,0
BRDA:197,13,1,0
BRDA:218,14,0,1
BRDA:218,14,1,0
BRDA:240,15,0,1
BRDA:240,15,1,0
BRF:32
BRH:23
end_of_record
TN:
SF:utils\apiFeatures.js
FN:10,(anonymous_0)
FN:21,(anonymous_1)
FN:24,(anonymous_2)
FN:29,(anonymous_3)
FN:42,(anonymous_4)
FN:56,(anonymous_5)
FN:72,(anonymous_6)
FN:100,(anonymous_7)
FN:149,(anonymous_8)
FNF:9
FNH:6
FNDA:19,(anonymous_0)
FNDA:0,(anonymous_1)
FNDA:0,(anonymous_2)
FNDA:0,(anonymous_3)
FNDA:4,(anonymous_4)
FNDA:1,(anonymous_5)
FNDA:7,(anonymous_6)
FNDA:6,(anonymous_7)
FNDA:9,(anonymous_8)
DA:11,19
DA:12,19
DA:22,0
DA:23,0
DA:24,0
DA:26,0
DA:29,0
DA:30,0
DA:33,0
DA:43,4
DA:44,4
DA:45,4
DA:47,4
DA:57,1
DA:58,0
DA:59,0
DA:61,1
DA:63,1
DA:73,7
DA:74,0
DA:75,0
DA:76,0
DA:77,0
DA:82,0
DA:85,7
DA:86,7
DA:91,7
DA:101,6
DA:102,0
DA:104,0
DA:105,0
DA:106,0
DA:107,0
DA:108,0
DA:109,0
DA:111,0
DA:112,0
DA:117,0
DA:122,0
DA:125,0
DA:126,0
DA:133,0
DA:136,6
DA:137,6
DA:138,6
DA:140,6
DA:150,9
DA:151,9
DA:152,9
DA:154,9
DA:155,9
DA:159,11
LF:52
LH:24
BRDA:43,0,0,4
BRDA:43,0,1,0
BRDA:57,1,0,0
BRDA:57,1,1,1
BRDA:73,2,0,0
BRDA:73,2,1,7
BRDA:75,3,0,0
BRDA:75,3,1,0
BRDA:101,4,0,0
BRDA:101,4,1,6
BRDA:104,5,0,0
BRDA:104,5,1,0
BRDA:104,6,0,0
BRDA:104,6,1,0
BRDA:105,7,0,0
BRDA:105,7,1,0
BRDA:111,8,0,0
BRDA:111,8,1,0
BRDA:125,9,0,0
BRDA:125,9,1,0
BRDA:150,10,0,9
BRDA:150,10,1,9
BRDA:151,11,0,9
BRDA:151,11,1,9
BRF:24
BRH:8
end_of_record
TN:
SF:utils\appError.js
FN:11,(anonymous_0)
FNF:1
FNH:1
FNDA:33,(anonymous_0)
DA:12,33
DA:13,33
DA:14,33
DA:15,33
DA:19,14
LF:5
LH:5
BRDA:14,0,0,33
BRDA:14,0,1,0
BRF:2
BRH:1
end_of_record
TN:
SF:utils\catchAsync.js
FN:19,(anonymous_0)
FN:20,(anonymous_1)
FNF:2
FNH:2
FNDA:402,(anonymous_0)
FNDA:56,(anonymous_1)
DA:19,11
DA:20,402
DA:21,56
LF:3
LH:3
BRF:0
BRH:0
end_of_record
TN:
SF:utils\pagination.js
FN:19,(anonymous_0)
FNF:1
FNH:1
FNDA:3,(anonymous_0)
DA:8,1
DA:9,1
DA:19,1
DA:20,3
DA:21,3
DA:23,3
DA:24,3
DA:25,3
DA:26,3
DA:27,1
DA:28,1
DA:31,3
DA:32,3
DA:33,2
DA:35,1
DA:38,3
DA:39,2
DA:41,1
DA:44,3
DA:45,3
DA:46,3
DA:47,3
DA:48,3
LF:23
LH:23
BRDA:20,0,0,3
BRDA:20,0,1,1
BRDA:21,1,0,3
BRDA:21,1,1,1
BRDA:26,2,0,1
BRDA:26,2,1,2
BRDA:32,3,0,2
BRDA:32,3,1,1
BRDA:38,4,0,2
BRDA:38,4,1,1
BRF:10
BRH:10
end_of_record
